2026-04-04 03:02:51 — Starting backup
Создаю бэкап: total_20260404_030300_daily.db
Traceback (most recent call last):
  File "/app/scraper/backup_db.py", line 150, in <module>
    backup(tag=args.tag)
  File "/app/scraper/backup_db.py", line 58, in backup
    count = verify.execute("SELECT COUNT(*) FROM articles").fetchone()[0]
            ^^^^^^^^^^^^^^^^^^^^^^^^^^^^^^^^^^^^^^^^^^^^^^^
sqlite3.OperationalError: no such table: articles
2026-04-04 03:03:03 — Finished backup
2026-04-04 05:18:42 — Starting backup
Создаю бэкап: total_20260404_051842_daily.db
Traceback (most recent call last):
  File "/app/scraper/backup_db.py", line 150, in <module>
    backup(tag=args.tag)
  File "/app/scraper/backup_db.py", line 58, in backup
    count = verify.execute("SELECT COUNT(*) FROM articles").fetchone()[0]
            ^^^^^^^^^^^^^^^^^^^^^^^^^^^^^^^^^^^^^^^^^^^^^^^
sqlite3.OperationalError: no such table: articles
2026-04-04 05:18:42 — Finished backup
2026-04-05 00:20:09 — Starting backup
Создаю бэкап: total_20260405_002009_daily.db
Сжимаю → total_20260405_002009_daily.db.gz
✅ Бэкап: total_20260405_002009_daily.db.gz | 16,844 статей | 68.3 MB (сжатый)
2026-04-05 00:20:21 — Finished backup
2026-04-05 06:30:45 — Starting backup
Создаю бэкап: total_20260405_063045_daily.db
Сжимаю → total_20260405_063045_daily.db.gz
✅ Бэкап: total_20260405_063045_daily.db.gz | 16,844 статей | 68.3 MB (сжатый)
2026-04-05 06:31:06 — Finished backup
2026-04-05 14:42:55 — Starting backup
Создаю бэкап: total_20260405_144255_daily.db
Сжимаю → total_20260405_144255_daily.db.gz
✅ Бэкап: total_20260405_144255_daily.db.gz | 16,844 статей | 68.3 MB (сжатый)
2026-04-05 14:43:09 — Finished backup
