[2026-03-22 09:34:07] URL в файле: 169231
[2026-03-22 09:34:09] Уже есть: 16849, осталось скачать: 169231
[2026-03-22 09:34:09] Ограничение: 50000 статей за этот запуск
[2026-03-22 09:34:45]   500/50000 | ok: 500 err: 0 | 13.8 ст/сек | ETA: 60 мин
[2026-03-22 09:35:20]   1000/50000 | ok: 1000 err: 0 | 14.1 ст/сек | ETA: 58 мин
[2026-03-22 09:35:56]   1500/50000 | ok: 1500 err: 0 | 14.0 ст/сек | ETA: 58 мин
[2026-03-22 09:36:28]   2000/50000 | ok: 2000 err: 0 | 14.4 ст/сек | ETA: 56 мин
[2026-03-22 09:37:01]   2500/50000 | ok: 2500 err: 0 | 14.5 ст/сек | ETA: 54 мин
[2026-03-22 09:37:34]   3000/50000 | ok: 3000 err: 0 | 14.6 ст/сек | ETA: 54 мин
[2026-03-22 09:38:08]   3500/50000 | ok: 3500 err: 0 | 14.6 ст/сек | ETA: 53 мин
[2026-03-22 09:38:45]   4000/50000 | ok: 4000 err: 0 | 14.5 ст/сек | ETA: 53 мин
[2026-03-22 09:39:25]   4500/50000 | ok: 4500 err: 0 | 14.2 ст/сек | ETA: 53 мин
[2026-03-22 09:40:00]   5000/50000 | ok: 5000 err: 0 | 14.2 ст/сек | ETA: 53 мин
[2026-03-22 09:40:35]   5500/50000 | ok: 5500 err: 0 | 14.2 ст/сек | ETA: 52 мин
[2026-03-22 09:41:10]   6000/50000 | ok: 6000 err: 0 | 14.2 ст/сек | ETA: 51 мин
[2026-03-22 09:41:44]   6500/50000 | ok: 6500 err: 0 | 14.3 ст/сек | ETA: 51 мин
[2026-03-22 09:42:19]   7000/50000 | ok: 7000 err: 0 | 14.3 ст/сек | ETA: 50 мин
[2026-03-22 09:42:52]   7500/50000 | ok: 7500 err: 0 | 14.3 ст/сек | ETA: 49 мин
[2026-03-22 09:43:27]   8000/50000 | ok: 8000 err: 0 | 14.3 ст/сек | ETA: 49 мин
[2026-03-22 09:44:01]   8500/50000 | ok: 8500 err: 0 | 14.4 ст/сек | ETA: 48 мин
[2026-03-22 09:44:26] URL в файле: 169231
[2026-03-22 09:44:26] URL в файле: 169231
[2026-03-22 09:44:28] Уже есть: 25399, осталось скачать: 160681
[2026-03-22 09:44:28] Уже есть: 25399, осталось скачать: 160681
[2026-03-22 09:44:28] Ограничение: 50000 статей за этот запуск
[2026-03-22 09:44:28] Ограничение: 50000 статей за этот запуск
[2026-03-22 09:45:04]   500/50000 | ok: 500 err: 0 | 14.2 ст/сек | ETA: 58 мин
[2026-03-22 09:45:04]   500/50000 | ok: 500 err: 0 | 14.2 ст/сек | ETA: 58 мин
[2026-03-22 09:45:08]   9000/50000 | ok: 9000 err: 0 | 13.7 ст/сек | ETA: 50 мин
[2026-03-22 09:45:38]   1000/50000 | ok: 1000 err: 0 | 14.4 ст/сек | ETA: 57 мин
[2026-03-22 09:45:38]   1000/50000 | ok: 1000 err: 0 | 14.4 ст/сек | ETA: 57 мин
[2026-03-22 09:45:42]   9500/50000 | ok: 9500 err: 0 | 13.7 ст/сек | ETA: 49 мин
[2026-03-22 09:46:12]   1500/50000 | ok: 1500 err: 0 | 14.5 ст/сек | ETA: 56 мин
[2026-03-22 09:46:12]   1500/50000 | ok: 1500 err: 0 | 14.5 ст/сек | ETA: 56 мин
[2026-03-22 09:46:16]   10000/50000 | ok: 10000 err: 0 | 13.7 ст/сек | ETA: 48 мин
[2026-03-22 09:46:16]   → Импортирую в БД (batch checkpoint)...
[2026-03-22 09:46:26]   → Импорт: 28451 новых, всего в БД: ?
[2026-03-22 09:46:49]   2000/50000 | ok: 2000 err: 0 | 14.2 ст/сек | ETA: 56 мин
[2026-03-22 09:46:49]   2000/50000 | ok: 2000 err: 0 | 14.2 ст/сек | ETA: 56 мин
[2026-03-22 09:47:04]   10500/50000 | ok: 10500 err: 0 | 13.5 ст/сек | ETA: 49 мин
[2026-03-22 09:47:25]   2500/50000 | ok: 2500 err: 0 | 14.1 ст/сек | ETA: 56 мин
[2026-03-22 09:47:25]   2500/50000 | ok: 2500 err: 0 | 14.1 ст/сек | ETA: 56 мин
[2026-03-22 09:47:42]   11000/50000 | ok: 11000 err: 0 | 13.5 ст/сек | ETA: 48 мин
[2026-03-22 09:48:05]   3000/50000 | ok: 3000 err: 0 | 13.9 ст/сек | ETA: 57 мин
[2026-03-22 09:48:05]   3000/50000 | ok: 3000 err: 0 | 13.9 ст/сек | ETA: 57 мин
[2026-03-22 09:48:18]   11500/50000 | ok: 11500 err: 0 | 13.5 ст/сек | ETA: 47 мин
[2026-03-22 09:48:43]   3500/50000 | ok: 3500 err: 0 | 13.7 ст/сек | ETA: 56 мин
[2026-03-22 09:48:43]   3500/50000 | ok: 3500 err: 0 | 13.7 ст/сек | ETA: 56 мин
[2026-03-22 09:48:55]   12000/50000 | ok: 12000 err: 0 | 13.5 ст/сек | ETA: 47 мин
[2026-03-22 09:49:18]   4000/50000 | ok: 4000 err: 0 | 13.8 ст/сек | ETA: 56 мин
[2026-03-22 09:49:18]   4000/50000 | ok: 4000 err: 0 | 13.8 ст/сек | ETA: 56 мин
[2026-03-22 09:49:35]   12500/50000 | ok: 12500 err: 0 | 13.5 ст/сек | ETA: 46 мин
[2026-03-22 09:49:56]   4500/50000 | ok: 4500 err: 0 | 13.7 ст/сек | ETA: 55 мин
[2026-03-22 09:49:56]   4500/50000 | ok: 4500 err: 0 | 13.7 ст/сек | ETA: 55 мин
[2026-03-22 09:50:10]   13000/50000 | ok: 13000 err: 0 | 13.5 ст/сек | ETA: 46 мин
[2026-03-22 09:50:32]   5000/50000 | ok: 5000 err: 0 | 13.8 ст/сек | ETA: 55 мин
[2026-03-22 09:50:32]   5000/50000 | ok: 5000 err: 0 | 13.8 ст/сек | ETA: 55 мин
[2026-03-22 09:50:45]   13500/50000 | ok: 13500 err: 0 | 13.5 ст/сек | ETA: 45 мин
[2026-03-22 09:51:08]   5500/50000 | ok: 5500 err: 0 | 13.8 ст/сек | ETA: 54 мин
[2026-03-22 09:51:08]   5500/50000 | ok: 5500 err: 0 | 13.8 ст/сек | ETA: 54 мин
[2026-03-22 09:51:22]   14000/50000 | ok: 14000 err: 0 | 13.5 ст/сек | ETA: 44 мин
[2026-03-22 09:51:44]   6000/50000 | ok: 6000 err: 0 | 13.8 ст/сек | ETA: 53 мин
[2026-03-22 09:51:44]   6000/50000 | ok: 6000 err: 0 | 13.8 ст/сек | ETA: 53 мин

  ⚠ Получен сигнал завершения, сохраняю прогресс...
[2026-03-22 09:51:47] Финальный импорт в БД...
[2026-03-22 09:51:47] Финальный импорт в БД...
[2026-03-22 09:51:58]   14500/50000 | ok: 14500 err: 0 | 13.6 ст/сек | ETA: 44 мин
[2026-03-22 09:52:35]   15000/50000 | ok: 15000 err: 0 | 13.6 ст/сек | ETA: 43 мин
[2026-03-22 09:53:12]   15500/50000 | ok: 15500 err: 0 | 13.6 ст/сек | ETA: 42 мин
[2026-03-22 09:53:49]   16000/50000 | ok: 16000 err: 0 | 13.6 ст/сек | ETA: 42 мин
[2026-03-22 09:54:33]   16500/50000 | ok: 16500 err: 0 | 13.5 ст/сек | ETA: 41 мин
[2026-03-22 09:55:15]   17000/50000 | ok: 17000 err: 0 | 13.4 ст/сек | ETA: 41 мин
[2026-03-22 09:55:50]   17500/50000 | ok: 17500 err: 0 | 13.4 ст/сек | ETA: 40 мин
[2026-03-22 09:56:23]   18000/50000 | ok: 18000 err: 0 | 13.5 ст/сек | ETA: 40 мин
[2026-03-22 09:56:58]   18500/50000 | ok: 18500 err: 0 | 13.5 ст/сек | ETA: 39 мин
[2026-03-22 09:57:31]   19000/50000 | ok: 19000 err: 0 | 13.5 ст/сек | ETA: 38 мин
[2026-03-22 09:58:07]   19500/50000 | ok: 19500 err: 0 | 13.6 ст/сек | ETA: 37 мин
[2026-03-22 09:58:41]   20000/50000 | ok: 20000 err: 0 | 13.6 ст/сек | ETA: 37 мин
[2026-03-22 09:58:41]   → Импортирую в БД (batch checkpoint)...
[2026-03-22 09:58:50]   → Импорт: 42851 новых, всего в БД: ?
[2026-03-22 09:59:27]   20500/50000 | ok: 20500 err: 0 | 13.5 ст/сек | ETA: 36 мин
[2026-03-22 10:00:06]   21000/50000 | ok: 21000 err: 0 | 13.5 ст/сек | ETA: 36 мин
[2026-03-22 10:00:44]   21500/50000 | ok: 21500 err: 0 | 13.5 ст/сек | ETA: 35 мин
[2026-03-22 10:01:25]   22000/50000 | ok: 22000 err: 0 | 13.4 ст/сек | ETA: 35 мин
[2026-03-22 10:02:27]   22500/50000 | ok: 22500 err: 0 | 13.2 ст/сек | ETA: 35 мин
[2026-03-22 10:03:02]   23000/50000 | ok: 23000 err: 0 | 13.3 ст/сек | ETA: 34 мин
[2026-03-22 10:03:37]   23500/50000 | ok: 23500 err: 0 | 13.3 ст/сек | ETA: 33 мин
[2026-03-22 10:04:11]   24000/50000 | ok: 24000 err: 0 | 13.3 ст/сек | ETA: 33 мин
[2026-03-22 10:04:47]   24500/50000 | ok: 24500 err: 0 | 13.3 ст/сек | ETA: 32 мин
[2026-03-22 10:05:22]   25000/50000 | ok: 25000 err: 0 | 13.3 ст/сек | ETA: 31 мин
[2026-03-22 10:05:57]   25500/50000 | ok: 25500 err: 0 | 13.4 ст/сек | ETA: 31 мин
[2026-03-22 10:06:32]   26000/50000 | ok: 26000 err: 0 | 13.4 ст/сек | ETA: 30 мин
[2026-03-22 10:07:07]   26500/50000 | ok: 26500 err: 0 | 13.4 ст/сек | ETA: 29 мин
[2026-03-22 10:07:42]   27000/50000 | ok: 27000 err: 0 | 13.4 ст/сек | ETA: 29 мин
[2026-03-22 10:08:20]   27500/50000 | ok: 27500 err: 0 | 13.4 ст/сек | ETA: 28 мин
[2026-03-22 10:08:57]   28000/50000 | ok: 28000 err: 0 | 13.4 ст/сек | ETA: 27 мин
[2026-03-22 10:09:33]   28500/50000 | ok: 28500 err: 0 | 13.4 ст/сек | ETA: 27 мин
[2026-03-22 10:10:09]   29000/50000 | ok: 29000 err: 0 | 13.4 ст/сек | ETA: 26 мин
[2026-03-22 10:10:46]   29500/50000 | ok: 29500 err: 0 | 13.4 ст/сек | ETA: 25 мин
[2026-03-22 10:11:22]   30000/50000 | ok: 30000 err: 0 | 13.4 ст/сек | ETA: 25 мин
[2026-03-22 10:11:22]   → Импортирую в БД (batch checkpoint)...
[2026-03-22 10:11:34]   → Импорт: 52851 новых, всего в БД: ?
[2026-03-22 10:12:12]   30500/50000 | ok: 30500 err: 0 | 13.4 ст/сек | ETA: 24 мин
[2026-03-22 10:12:48]   31000/50000 | ok: 31000 err: 0 | 13.4 ст/сек | ETA: 24 мин
[2026-03-22 10:13:27]   31500/50000 | ok: 31500 err: 0 | 13.4 ст/сек | ETA: 23 мин
[2026-03-22 10:14:06]   32000/50000 | ok: 32000 err: 0 | 13.4 ст/сек | ETA: 22 мин
[2026-03-22 10:14:41]   32500/50000 | ok: 32500 err: 0 | 13.4 ст/сек | ETA: 22 мин
[2026-03-22 10:15:18]   33000/50000 | ok: 33000 err: 0 | 13.4 ст/сек | ETA: 21 мин
[2026-03-22 10:15:54]   33500/50000 | ok: 33500 err: 0 | 13.4 ст/сек | ETA: 21 мин
[2026-03-22 10:16:32]   34000/50000 | ok: 34000 err: 0 | 13.4 ст/сек | ETA: 20 мин
[2026-03-22 10:17:09]   34500/50000 | ok: 34500 err: 0 | 13.4 ст/сек | ETA: 19 мин
[2026-03-22 10:26:39]   35000/50000 | ok: 34950 err: 50 | 11.1 ст/сек | ETA: 23 мин
[2026-03-22 10:27:16]   35500/50000 | ok: 35449 err: 51 | 11.1 ст/сек | ETA: 22 мин
[2026-03-22 10:27:50]   36000/50000 | ok: 35949 err: 51 | 11.2 ст/сек | ETA: 21 мин
[2026-03-22 10:28:27]   36500/50000 | ok: 36449 err: 51 | 11.2 ст/сек | ETA: 20 мин
[2026-03-22 10:29:03]   37000/50000 | ok: 36949 err: 51 | 11.2 ст/сек | ETA: 19 мин
[2026-03-22 10:29:37]   37500/50000 | ok: 37449 err: 51 | 11.3 ст/сек | ETA: 19 мин
[2026-03-22 10:30:14]   38000/50000 | ok: 37949 err: 51 | 11.3 ст/сек | ETA: 18 мин
[2026-03-22 10:30:50]   38500/50000 | ok: 38449 err: 51 | 11.3 ст/сек | ETA: 17 мин
[2026-03-22 10:31:25]   39000/50000 | ok: 38947 err: 53 | 11.3 ст/сек | ETA: 16 мин
[2026-03-22 10:31:59]   39500/50000 | ok: 39447 err: 53 | 11.4 ст/сек | ETA: 15 мин
[2026-03-22 10:32:35]   40000/50000 | ok: 39947 err: 53 | 11.4 ст/сек | ETA: 15 мин
[2026-03-22 10:32:42]   → Импортирую в БД (batch checkpoint)...
[2026-03-22 10:32:55]   → Импорт: 62898 новых, всего в БД: ?
[2026-03-22 10:33:30]   40500/50000 | ok: 40447 err: 53 | 11.4 ст/сек | ETA: 14 мин
[2026-03-22 10:34:09]   41000/50000 | ok: 40947 err: 53 | 11.4 ст/сек | ETA: 13 мин
[2026-03-22 10:34:45]   41500/50000 | ok: 41447 err: 53 | 11.4 ст/сек | ETA: 12 мин
[2026-03-22 10:35:20]   42000/50000 | ok: 41947 err: 53 | 11.4 ст/сек | ETA: 12 мин
[2026-03-22 10:35:56]   42500/50000 | ok: 42447 err: 53 | 11.4 ст/сек | ETA: 11 мин
[2026-03-22 10:36:31]   43000/50000 | ok: 42947 err: 53 | 11.5 ст/сек | ETA: 10 мин
[2026-03-22 10:37:06]   43500/50000 | ok: 43447 err: 53 | 11.5 ст/сек | ETA: 9 мин
[2026-03-22 10:37:42]   44000/50000 | ok: 43947 err: 53 | 11.5 ст/сек | ETA: 9 мин
[2026-03-22 10:38:19]   44500/50000 | ok: 44447 err: 53 | 11.5 ст/сек | ETA: 8 мин
[2026-03-22 10:38:55]   45000/50000 | ok: 44946 err: 54 | 11.6 ст/сек | ETA: 7 мин
[2026-03-22 10:39:31]   45500/50000 | ok: 45446 err: 54 | 11.6 ст/сек | ETA: 6 мин
[2026-03-22 10:40:07]   46000/50000 | ok: 45946 err: 54 | 11.6 ст/сек | ETA: 6 мин
[2026-03-22 10:40:43]   46500/50000 | ok: 46446 err: 54 | 11.6 ст/сек | ETA: 5 мин
[2026-03-22 10:41:18]   47000/50000 | ok: 46945 err: 55 | 11.6 ст/сек | ETA: 4 мин
[2026-03-22 10:41:54]   47500/50000 | ok: 47445 err: 55 | 11.7 ст/сек | ETA: 4 мин
[2026-03-22 10:42:28]   48000/50000 | ok: 47945 err: 55 | 11.7 ст/сек | ETA: 3 мин
[2026-03-22 10:43:06]   48500/50000 | ok: 48445 err: 55 | 11.7 ст/сек | ETA: 2 мин
[2026-03-22 10:43:42]   49000/50000 | ok: 48945 err: 55 | 11.7 ст/сек | ETA: 1 мин
[2026-03-22 10:44:17]   49500/50000 | ok: 49445 err: 55 | 11.7 ст/сек | ETA: 1 мин
[2026-03-22 10:44:50]   50000/50000 | ok: 49945 err: 55 | 11.8 ст/сек | ETA: 0 мин
[2026-03-22 10:44:50] Финальный импорт в БД...
[2026-03-22 10:45:06] Импорт: 72796 новых, 0 ошибок
[2026-03-22 10:45:06] 
Готово: за запуск +49945 скачано, 55 ошибок
[2026-03-22 10:45:06] Всего накоплено: 149992 скачано, 108 ошибок
[2026-03-22 10:45:06] В БД: 66795 статей
