[2026-03-21 16:12:54] Fetching RSS feed...
[2026-03-21 16:12:55] RSS: 40 items
[2026-03-21 16:12:55] New articles: 40 (already in DB: 0)
[2026-03-21 16:12:55]   NEW: 45 пригодных для жизни планет обнаружено за пределами Солнеч
[2026-03-21 16:12:55]   NEW: Нарушением Конституции признано решение Пентагона ограничива
[2026-03-21 16:12:55]   NEW: Токаев поздравил казахстанцев с Наурызом и призвал к «чистот
[2026-03-21 16:12:55]   NEW: Масштабный ремонт проведут на ряде энергетических объектов В
[2026-03-21 16:12:55]   NEW: Журналисты выступили в поддержку Ботагоз Омаровой
[2026-03-21 16:12:55]   NEW: Удаленная работа увеличивает рождаемость — исследование
[2026-03-21 16:12:55]   NEW: Ущерб на миллиарды: как работала коррупционная схема в ЦРТР 
[2026-03-21 16:12:55]   NEW: Ботагоз Омарову поместили под домашний арест
[2026-03-21 16:12:55]   NEW: Погода без осадков сохранится на большей части Казахстана
[2026-03-21 16:12:55]   NEW: Какой алкоголь оказался наиболее опасным для здоровья
[2026-03-21 16:12:55]   NEW: Какую технику нельзя подключать к удлинителям
[2026-03-21 16:12:55]   NEW: «Лило и Стич 2» выйдет в прокат весной 2028 года
[2026-03-21 16:12:55]   NEW: Асылхан Асан завоевал золото юниорского чемпионата мира по ф
[2026-03-21 16:12:55]   NEW: Журналиста Ботагоз Омарову допрашивают в полиции
[2026-03-21 16:12:55]   NEW: Более 33 кг наркотиков изъято с начала года в Мангистауской 
[2026-03-21 16:12:55]   NEW: Срок процедуры внесудебного банкротства сократили в Казахста
[2026-03-21 16:12:55]   NEW: В Казахстане изменилась процедура исполнения обязательств пе
[2026-03-21 16:12:55]   NEW: Казахстан вакцинирует скот в приграничных с Россией регионах
[2026-03-21 16:12:55]   NEW: Более 5 кг гашиша изъято у жительницы Талдыкоргана
[2026-03-21 16:12:55]   NEW: Аэротакси планируют запустить между Алатау и Алматы
[2026-03-21 16:12:55]   NEW: Курс доллара стабилен в Казахстане
[2026-03-21 16:12:55]   NEW: Пастбищные угодья появятся на осушенном дне Аральского моря
[2026-03-21 16:12:55]   NEW: Более 1,6 миллиарда деревьев за четыре года высадили в Казах
[2026-03-21 16:12:55]   NEW: Новые требования к приборам учета водоснабжения утвердили в 
[2026-03-21 16:12:55]   NEW: Картельный сговор в государственных закупках выявило АЗРК
[2026-03-21 16:12:55]   NEW: Более 20 водителей лишили водительских прав в области Ұлытау
[2026-03-21 16:12:55]   NEW: Ключевым инструментом реализации инвестиционных проектов в А
[2026-03-21 16:12:55]   NEW: Как будут работать спецЦОНы в праздничные дни в Казахстане
[2026-03-21 16:12:55]   NEW: На территории Алатау будет действовать приоритет специальных
[2026-03-21 16:12:55]   NEW: Инвестора незаконно оштрафовали в Костанайской области
[2026-03-21 16:12:55]   NEW: Алатау на особом режиме: экономику отдадут совету, законы — 
[2026-03-21 16:12:55]   NEW: Можно ли получить доступ к счетам супруга — Минфин
[2026-03-21 16:12:55]   NEW: В Алматы предпринимателям спишут пени и штрафы при погашении
[2026-03-21 16:12:55]   NEW: Алатау станет городом с самостоятельной экосистемой
[2026-03-21 16:12:55]   NEW: Административная амнистия — могут ли вернуть права водителям
[2026-03-21 16:12:55]   NEW: 17 граждан осуждены за терроризм и экстремизм в Казахстане
[2026-03-21 16:12:55]   NEW: 400 миллионов тенге взыскала с должников по алиментам прокур
[2026-03-21 16:12:55]   NEW: Токаев поздравил казахстанцев с праздником Ораза айт
[2026-03-21 16:12:55]   NEW: Теплая погода сохранится в южных областях Казахстана
[2026-03-21 16:12:55]   NEW: Назван самый полезный и доступный суперфуд
[2026-03-21 16:13:00] Fetching RSS feed...
[2026-03-21 16:13:01] RSS: 40 items
[2026-03-21 16:13:01] New articles: 40 (already in DB: 0)
[2026-03-21 16:13:01]   Downloading: 45 пригодных для жизни планет обнаружено за пределами Солнеч...
[2026-03-21 16:13:03]   Downloading: Нарушением Конституции признано решение Пентагона ограничива...
[2026-03-21 16:13:04]   Downloading: Токаев поздравил казахстанцев с Наурызом и призвал к «чистот...
[2026-03-21 16:13:06]   Downloading: Масштабный ремонт проведут на ряде энергетических объектов В...
[2026-03-21 16:13:07]   Downloading: Журналисты выступили в поддержку Ботагоз Омаровой...
[2026-03-21 16:13:08]   Downloading: Удаленная работа увеличивает рождаемость — исследование...
[2026-03-21 16:13:10]   Downloading: Ущерб на миллиарды: как работала коррупционная схема в ЦРТР ...
[2026-03-21 16:13:12]   Downloading: Ботагоз Омарову поместили под домашний арест...
[2026-03-21 16:13:13]   Downloading: Погода без осадков сохранится на большей части Казахстана...
[2026-03-21 16:13:15]   Downloading: Какой алкоголь оказался наиболее опасным для здоровья...
[2026-03-21 16:13:16]   Downloading: Какую технику нельзя подключать к удлинителям...
[2026-03-21 16:13:18]   Downloading: «Лило и Стич 2» выйдет в прокат весной 2028 года...
[2026-03-21 16:13:19]   Downloading: Асылхан Асан завоевал золото юниорского чемпионата мира по ф...
[2026-03-21 16:13:21]   Downloading: Журналиста Ботагоз Омарову допрашивают в полиции...
[2026-03-21 16:13:22]   Downloading: Более 33 кг наркотиков изъято с начала года в Мангистауской ...
[2026-03-21 16:13:23]   Downloading: Срок процедуры внесудебного банкротства сократили в Казахста...
[2026-03-21 16:13:25]   Downloading: В Казахстане изменилась процедура исполнения обязательств пе...
[2026-03-21 16:13:26]   Downloading: Казахстан вакцинирует скот в приграничных с Россией регионах...
[2026-03-21 16:13:27]   Downloading: Более 5 кг гашиша изъято у жительницы Талдыкоргана...
[2026-03-21 16:13:29]   Downloading: Аэротакси планируют запустить между Алатау и Алматы...
[2026-03-21 16:13:30]   Downloading: Курс доллара стабилен в Казахстане...
[2026-03-21 16:13:32]   Downloading: Пастбищные угодья появятся на осушенном дне Аральского моря...
[2026-03-21 16:13:33]   Downloading: Более 1,6 миллиарда деревьев за четыре года высадили в Казах...
[2026-03-21 16:13:35]   Downloading: Новые требования к приборам учета водоснабжения утвердили в ...
[2026-03-21 16:13:36]   Downloading: Картельный сговор в государственных закупках выявило АЗРК...
[2026-03-21 16:13:37]   Downloading: Более 20 водителей лишили водительских прав в области Ұлытау...
[2026-03-21 16:13:39]   Downloading: Ключевым инструментом реализации инвестиционных проектов в А...
[2026-03-21 16:13:41]   Downloading: Как будут работать спецЦОНы в праздничные дни в Казахстане...
[2026-03-21 16:13:42]   Downloading: На территории Алатау будет действовать приоритет специальных...
[2026-03-21 16:13:44]   Downloading: Инвестора незаконно оштрафовали в Костанайской области...
[2026-03-21 16:13:46]   Downloading: Алатау на особом режиме: экономику отдадут совету, законы — ...
[2026-03-21 16:13:47]   Downloading: Можно ли получить доступ к счетам супруга — Минфин...
[2026-03-21 16:13:49]   Downloading: В Алматы предпринимателям спишут пени и штрафы при погашении...
[2026-03-21 16:13:50]   Downloading: Алатау станет городом с самостоятельной экосистемой...
[2026-03-21 16:13:52]   Downloading: Административная амнистия — могут ли вернуть права водителям...
[2026-03-21 16:13:53]   Downloading: 17 граждан осуждены за терроризм и экстремизм в Казахстане...
[2026-03-21 16:13:55]   Downloading: 400 миллионов тенге взыскала с должников по алиментам прокур...
[2026-03-21 16:13:56]   Downloading: Токаев поздравил казахстанцев с праздником Ораза айт...
[2026-03-21 16:13:58]   Downloading: Теплая погода сохранится в южных областях Казахстана...
[2026-03-21 16:13:59]   Downloading: Назван самый полезный и доступный суперфуд...
[2026-03-21 16:14:01] Done: 40 new articles imported
[2026-03-21 16:15:27] Fetching RSS feed...
[2026-03-21 16:15:27] RSS: 40 items
[2026-03-21 16:15:27] New articles: 40 (already in DB: 0)
[2026-03-21 16:15:27]   Downloading: 45 пригодных для жизни планет обнаружено за пределами Солнеч...
[2026-03-21 16:15:29]   Downloading: Нарушением Конституции признано решение Пентагона ограничива...
[2026-03-21 16:15:31]   Downloading: Токаев поздравил казахстанцев с Наурызом и призвал к «чистот...
[2026-03-21 16:15:32]   Downloading: Масштабный ремонт проведут на ряде энергетических объектов В...
[2026-03-21 16:15:34]   Downloading: Журналисты выступили в поддержку Ботагоз Омаровой...
[2026-03-21 16:15:36]   Downloading: Удаленная работа увеличивает рождаемость — исследование...
[2026-03-21 16:15:37]   Downloading: Ущерб на миллиарды: как работала коррупционная схема в ЦРТР ...
[2026-03-21 16:15:39]   Downloading: Ботагоз Омарову поместили под домашний арест...
[2026-03-21 16:15:40]   Downloading: Погода без осадков сохранится на большей части Казахстана...
[2026-03-21 16:15:42]   Downloading: Какой алкоголь оказался наиболее опасным для здоровья...
[2026-03-21 16:15:43]   Downloading: Какую технику нельзя подключать к удлинителям...
[2026-03-21 16:15:45]   Downloading: «Лило и Стич 2» выйдет в прокат весной 2028 года...
[2026-03-21 16:15:46]   Downloading: Асылхан Асан завоевал золото юниорского чемпионата мира по ф...
[2026-03-21 16:15:48]   Downloading: Журналиста Ботагоз Омарову допрашивают в полиции...
[2026-03-21 16:15:49]   Downloading: Более 33 кг наркотиков изъято с начала года в Мангистауской ...
[2026-03-21 16:15:51]   Downloading: Срок процедуры внесудебного банкротства сократили в Казахста...
[2026-03-21 16:15:53]   Downloading: В Казахстане изменилась процедура исполнения обязательств пе...
[2026-03-21 16:15:54]   Downloading: Казахстан вакцинирует скот в приграничных с Россией регионах...
[2026-03-21 16:15:56]   Downloading: Более 5 кг гашиша изъято у жительницы Талдыкоргана...
[2026-03-21 16:15:57]   Downloading: Аэротакси планируют запустить между Алатау и Алматы...
[2026-03-21 16:15:59]   Downloading: Курс доллара стабилен в Казахстане...
[2026-03-21 16:16:00]   Downloading: Пастбищные угодья появятся на осушенном дне Аральского моря...
[2026-03-21 16:16:02]   Downloading: Более 1,6 миллиарда деревьев за четыре года высадили в Казах...
[2026-03-21 16:16:03]   Downloading: Новые требования к приборам учета водоснабжения утвердили в ...
[2026-03-21 16:16:05]   Downloading: Картельный сговор в государственных закупках выявило АЗРК...
[2026-03-21 16:16:07]   Downloading: Более 20 водителей лишили водительских прав в области Ұлытау...
[2026-03-21 16:16:08]   Downloading: Ключевым инструментом реализации инвестиционных проектов в А...
[2026-03-21 16:16:10]   Downloading: Как будут работать спецЦОНы в праздничные дни в Казахстане...
[2026-03-21 16:16:12]   Downloading: На территории Алатау будет действовать приоритет специальных...
[2026-03-21 16:16:13]   Downloading: Инвестора незаконно оштрафовали в Костанайской области...
[2026-03-21 16:16:15]   Downloading: Алатау на особом режиме: экономику отдадут совету, законы — ...
[2026-03-21 16:16:16]   Downloading: Можно ли получить доступ к счетам супруга — Минфин...
[2026-03-21 16:16:18]   Downloading: В Алматы предпринимателям спишут пени и штрафы при погашении...
[2026-03-21 16:16:19]   Downloading: Алатау станет городом с самостоятельной экосистемой...
[2026-03-21 16:16:21]   Downloading: Административная амнистия — могут ли вернуть права водителям...
[2026-03-21 16:16:23]   Downloading: 17 граждан осуждены за терроризм и экстремизм в Казахстане...
[2026-03-21 16:16:24]   Downloading: 400 миллионов тенге взыскала с должников по алиментам прокур...
[2026-03-21 16:16:26]   Downloading: Токаев поздравил казахстанцев с праздником Ораза айт...
[2026-03-21 16:16:27]   Downloading: Теплая погода сохранится в южных областях Казахстана...
[2026-03-21 16:16:29]   Downloading: Назван самый полезный и доступный суперфуд...
[2026-03-21 16:16:30] Done: 40 new articles imported
[2026-03-21 16:16:54] Fetching RSS feed...
[2026-03-21 16:16:55] RSS: 40 items
[2026-03-21 16:16:55] New articles: 40 (already in DB: 0)
[2026-03-21 16:16:55]   Downloading: 45 пригодных для жизни планет обнаружено за пределами Солнеч...
[2026-03-21 16:16:56]   Downloading: Нарушением Конституции признано решение Пентагона ограничива...
[2026-03-21 16:16:57]   Downloading: Токаев поздравил казахстанцев с Наурызом и призвал к «чистот...
[2026-03-21 16:16:59]   Downloading: Масштабный ремонт проведут на ряде энергетических объектов В...
[2026-03-21 16:17:00]   Downloading: Журналисты выступили в поддержку Ботагоз Омаровой...
[2026-03-21 16:17:02]   Downloading: Удаленная работа увеличивает рождаемость — исследование...
[2026-03-21 16:17:04]   Downloading: Ущерб на миллиарды: как работала коррупционная схема в ЦРТР ...
[2026-03-21 16:17:05]   Downloading: Ботагоз Омарову поместили под домашний арест...
[2026-03-21 16:17:07]   Downloading: Погода без осадков сохранится на большей части Казахстана...
[2026-03-21 16:17:08]   Downloading: Какой алкоголь оказался наиболее опасным для здоровья...
[2026-03-21 16:17:10]   Downloading: Какую технику нельзя подключать к удлинителям...
[2026-03-21 16:17:11]   Downloading: «Лило и Стич 2» выйдет в прокат весной 2028 года...
[2026-03-21 16:17:13]   Downloading: Асылхан Асан завоевал золото юниорского чемпионата мира по ф...
[2026-03-21 16:17:14]   Downloading: Журналиста Ботагоз Омарову допрашивают в полиции...
[2026-03-21 16:17:16]   Downloading: Более 33 кг наркотиков изъято с начала года в Мангистауской ...
[2026-03-21 16:17:17]   Downloading: Срок процедуры внесудебного банкротства сократили в Казахста...
[2026-03-21 16:17:19]   Downloading: В Казахстане изменилась процедура исполнения обязательств пе...
[2026-03-21 16:17:21]   Downloading: Казахстан вакцинирует скот в приграничных с Россией регионах...
[2026-03-21 16:17:22]   Downloading: Более 5 кг гашиша изъято у жительницы Талдыкоргана...
[2026-03-21 16:17:24]   Downloading: Аэротакси планируют запустить между Алатау и Алматы...
[2026-03-21 16:17:25]   Downloading: Курс доллара стабилен в Казахстане...
[2026-03-21 16:17:27]   Downloading: Пастбищные угодья появятся на осушенном дне Аральского моря...
[2026-03-21 16:17:28]   Downloading: Более 1,6 миллиарда деревьев за четыре года высадили в Казах...
[2026-03-21 16:17:30]   Downloading: Новые требования к приборам учета водоснабжения утвердили в ...
[2026-03-21 16:17:31]   Downloading: Картельный сговор в государственных закупках выявило АЗРК...
[2026-03-21 16:17:33]   Downloading: Более 20 водителей лишили водительских прав в области Ұлытау...
[2026-03-21 16:17:34]   Downloading: Ключевым инструментом реализации инвестиционных проектов в А...
[2026-03-21 16:17:35]   Downloading: Как будут работать спецЦОНы в праздничные дни в Казахстане...
[2026-03-21 16:17:37]   Downloading: На территории Алатау будет действовать приоритет специальных...
[2026-03-21 16:17:38]   Downloading: Инвестора незаконно оштрафовали в Костанайской области...
[2026-03-21 16:17:40]   Downloading: Алатау на особом режиме: экономику отдадут совету, законы — ...
[2026-03-21 16:17:41]   Downloading: Можно ли получить доступ к счетам супруга — Минфин...
[2026-03-21 16:17:43]   Downloading: В Алматы предпринимателям спишут пени и штрафы при погашении...
[2026-03-21 16:17:44]   Downloading: Алатау станет городом с самостоятельной экосистемой...
[2026-03-21 16:17:46]   Downloading: Административная амнистия — могут ли вернуть права водителям...
[2026-03-21 16:17:47]   Downloading: 17 граждан осуждены за терроризм и экстремизм в Казахстане...
[2026-03-21 16:17:49]   Downloading: 400 миллионов тенге взыскала с должников по алиментам прокур...
[2026-03-21 16:17:50]   Downloading: Токаев поздравил казахстанцев с праздником Ораза айт...
[2026-03-21 16:17:52]   Downloading: Теплая погода сохранится в южных областях Казахстана...
[2026-03-21 16:17:53]   Downloading: Назван самый полезный и доступный суперфуд...
[2026-03-21 16:17:55] Done: 40 new articles imported
[2026-03-21 16:26:48] Fetching RSS feed...
[2026-03-21 16:26:49] RSS: 40 items
[2026-03-21 16:26:49] New articles: 0 (already in DB: 40)
[2026-03-21 16:26:49] Nothing new.
[2026-03-21 17:28:28] Fetching RSS feed...
[2026-03-21 17:28:29] RSS: 40 items
[2026-03-21 17:28:29] New articles: 1 (already in DB: 39)
[2026-03-21 17:28:29]   Downloading: Google изменит установку приложений не из Play Market...
[2026-03-21 17:28:31] Done: 1 new articles imported
[2026-03-21 18:28:09] Fetching RSS feed...
[2026-03-21 18:28:11] RSS: 40 items
[2026-03-21 18:28:11] New articles: 2 (already in DB: 38)
[2026-03-21 18:28:11]   Downloading: Убийство семьи в Атырауской области: еще две статьи добавили...
[2026-03-21 18:28:12]   Downloading: Журналисты Казахстана обратились к Токаеву...
[2026-03-21 18:28:14] Done: 2 new articles imported
[2026-03-21 19:30:03] Fetching RSS feed...
[2026-03-21 19:30:04] RSS: 40 items
[2026-03-21 19:30:04] New articles: 0 (already in DB: 40)
[2026-03-21 19:30:04] Nothing new.
[2026-03-21 20:26:26] Fetching RSS feed...
[2026-03-21 20:26:27] RSS: 40 items
[2026-03-21 20:26:27] New articles: 0 (already in DB: 40)
[2026-03-21 20:26:27] Nothing new.
[2026-03-21 21:25:18] Fetching RSS feed...
[2026-03-21 21:25:20] RSS: 40 items
[2026-03-21 21:25:20] New articles: 0 (already in DB: 40)
[2026-03-21 21:25:20] Nothing new.
[2026-03-21 22:28:44] Fetching RSS feed...
[2026-03-21 22:28:45] RSS: 40 items
[2026-03-21 22:28:45] New articles: 0 (already in DB: 40)
[2026-03-21 22:28:45] Nothing new.
[2026-03-21 23:24:12] Fetching RSS feed...
[2026-03-21 23:24:12] RSS: 40 items
[2026-03-21 23:24:12] New articles: 0 (already in DB: 40)
[2026-03-21 23:24:12] Nothing new.
[2026-03-22 05:27:45] Fetching RSS feed...
[2026-03-22 05:27:46] RSS: 40 items
[2026-03-22 05:27:46] New articles: 1 (already in DB: 39)
[2026-03-22 05:27:46]   Downloading: Сильный дождь с грозой ожидается в Шымкенте...
[2026-03-22 05:27:48] Done: 1 new articles imported
[2026-03-22 06:25:53] Fetching RSS feed...
[2026-03-22 06:25:54] RSS: 40 items
[2026-03-22 06:25:54] New articles: 2 (already in DB: 38)
[2026-03-22 06:25:54]   Downloading: Жыл басы: в Казахстане отмечают главный день Наурыза...
[2026-03-22 06:25:56]   Downloading: «Без внешнего вмешательства»: Балаева высказалась о задержан...
[2026-03-22 06:25:58] Done: 2 new articles imported
[2026-03-22 08:02:29] Fetching RSS feed...
[2026-03-22 08:02:30] RSS: 40 items
[2026-03-22 08:02:30] New articles: 1 (already in DB: 39)
[2026-03-22 08:02:30]   Downloading: Масштабную забастовку аптек проведут в Германии...
[2026-03-22 08:02:31] Done: 1 new articles imported
[2026-03-22 08:33:24] Fetching RSS feed...
[2026-03-22 08:33:25] RSS: 40 items
[2026-03-22 08:33:25] New articles: 0 (already in DB: 40)
[2026-03-22 08:33:25] Nothing new.
[2026-03-22 09:26:00] Fetching RSS feed...
[2026-03-22 09:26:00] RSS: 40 items
[2026-03-22 09:26:00] New articles: 1 (already in DB: 39)
[2026-03-22 09:26:00]   Downloading: Акмарал Ерекешева завоевала золотую медаль на турнире в Грец...
[2026-03-22 09:26:02] Done: 1 new articles imported
[2026-03-22 10:26:25] Fetching RSS feed...
[2026-03-22 10:26:25] RSS: 40 items
[2026-03-22 10:26:26] New articles: 1 (already in DB: 39)
[2026-03-22 10:26:26]   Downloading: Мужчина сдал экзамен на водительские права со 139-го раза в ...
[2026-03-22 10:26:27] Done: 1 new articles imported
[2026-03-22 11:26:44] Fetching RSS feed...
[2026-03-22 11:26:46] RSS: 40 items
[2026-03-22 11:26:46] New articles: 0 (already in DB: 40)
[2026-03-22 11:26:46] Nothing new.
[2026-03-22 13:25:23] Fetching RSS feed...
[2026-03-22 13:25:24] RSS: 40 items
[2026-03-22 13:25:24] New articles: 0 (already in DB: 40)
[2026-03-22 13:25:24] Nothing new.
[2026-03-22 14:28:19] Fetching RSS feed...
[2026-03-22 14:28:20] RSS: 40 items
[2026-03-22 14:28:20] New articles: 1 (already in DB: 39)
[2026-03-22 14:28:20]   Downloading: Число спутников Starlink на орбите превысило 10 тысяч...
[2026-03-22 14:28:22] Done: 1 new articles imported
[2026-03-22 15:27:26] Fetching RSS feed...
[2026-03-22 15:27:27] RSS: 40 items
[2026-03-22 15:27:28] New articles: 0 (already in DB: 40)
[2026-03-22 15:27:28] Nothing new.
[2026-03-22 16:26:21] Fetching RSS feed...
[2026-03-22 16:26:22] RSS: 40 items
[2026-03-22 16:26:23] New articles: 0 (already in DB: 40)
[2026-03-22 16:26:23] Nothing new.
