2026-04-03 09:06:57,742 [INFO] Ensuring media table columns...
2026-04-03 09:06:57,768 [INFO] Collecting unique image URLs...
2026-04-03 09:06:57,879 [INFO] Found 7 unique storage URLs in articles.main_image
2026-04-03 09:06:58,906 [INFO] Total unique URLs including media table: 86860
2026-04-03 09:06:59,039 [INFO] Already downloaded: 86853, pending: 7
2026-04-03 09:06:59,043 [INFO]   From img_cache (no download): 1
2026-04-03 09:06:59,043 [INFO]   Need download from total.kz: 6
2026-04-03 09:06:59,066 [INFO] Processing 7 images (1 cached + rest remote) with 2 workers...
2026-04-03 09:06:59,066 [INFO] Batch 1/1: processing 7 images...
2026-04-03 09:06:59,591 [INFO] HTTP Request: GET https://total.kz/storage/79/79a32f57db4599611c2fbab366c83aa5.jpg "HTTP/1.1 200 OK"
2026-04-03 09:07:00,345 [INFO] HTTP Request: GET https://total.kz/storage/40/4098bc337d1becdc7ae75d589f4c94fd.JPG "HTTP/1.1 404 Not Found"
2026-04-03 09:07:00,602 [INFO] HTTP Request: GET https://total.kz/storage/dd/dd41aa32e214241ed793595b259e59b0.jpg "HTTP/1.1 200 OK"
2026-04-03 09:07:01,314 [INFO] HTTP Request: GET https://total.kz/storage/72/72a1fdc6aab68e6355b9c7ae73a3b7a3.jpeg "HTTP/1.1 200 OK"
2026-04-03 09:07:01,787 [INFO] HTTP Request: GET https://total.kz/storage/80/803ecf10ae5a819efb95293e25430bfb_resize_w_830_h_465.jpg "HTTP/1.1 200 OK"
2026-04-03 09:07:01,899 [INFO] HTTP Request: GET https://total.kz/storage/d0/d0cef0fbe96842618e673879cadf06a7_resize_w_830_h_465.jpg "HTTP/1.1 200 OK"
2026-04-03 09:07:02,025 [INFO]   Batch done: ok=3, failed=3, not_found=1
2026-04-03 09:07:02,026 [INFO]   Running total: ok=3, failed=3, not_found=1
2026-04-03 09:07:02,026 [INFO] Download complete: {'ok': 3, 'failed': 3, 'not_found': 1, 'duplicate': 0, 'skipped': 0}
2026-04-03 09:07:02,026 [INFO] Skipping img_cache migration (--skip-cache-migrate)
2026-04-03 09:07:02,026 [INFO] Rewriting article image URLs to local paths...
2026-04-03 09:07:02,314 [INFO] URL mapping has 86856 entries
2026-04-03 09:07:02,613 [INFO] Rewrote 3 article image URLs to local paths
2026-04-03 09:07:03,396 [INFO] ==================================================
2026-04-03 09:07:03,396 [INFO] MEDIA PIPELINE STATS
2026-04-03 09:07:03,396 [INFO]   Media records by status: {'pending': 2855, 'not_found': 1, 'ok': 86856}
2026-04-03 09:07:03,396 [INFO]   Optimized: 86856
2026-04-03 09:07:03,396 [INFO]   Total local size: 4183.1 MB
2026-04-03 09:07:03,396 [INFO]   Articles with local images: 160787
2026-04-03 09:07:03,396 [INFO]   Articles still pointing to total.kz: 24815
2026-04-03 09:07:03,396 [INFO] ==================================================
2026-04-03 10:23:01,488 [INFO] Ensuring media table columns...
2026-04-03 10:23:01,527 [INFO] Collecting unique image URLs...
2026-04-03 10:23:01,671 [INFO] Found 7 unique storage URLs in articles.main_image
2026-04-03 10:23:02,875 [INFO] Total unique URLs including media table: 86863
2026-04-03 10:23:02,997 [INFO] Already downloaded: 86856, pending: 7
2026-04-03 10:23:02,998 [INFO]   From img_cache (no download): 1
2026-04-03 10:23:02,998 [INFO]   Need download from total.kz: 6
2026-04-03 10:23:03,022 [INFO] Processing 7 images (1 cached + rest remote) with 2 workers...
2026-04-03 10:23:03,022 [INFO] Batch 1/1: processing 7 images...
2026-04-03 10:23:03,540 [INFO] HTTP Request: GET https://total.kz/storage/d5/d5b48caa8fc61b3f8d3f44875bb704e4.jpg "HTTP/1.1 200 OK"
2026-04-03 10:23:04,705 [INFO] HTTP Request: GET https://total.kz/storage/40/4098bc337d1becdc7ae75d589f4c94fd.JPG "HTTP/1.1 404 Not Found"
2026-04-03 10:23:05,100 [INFO] HTTP Request: GET https://total.kz/storage/f9/f9d2783aa411ee573c2bbbbc090571e2.png "HTTP/1.1 200 OK"
2026-04-03 10:23:08,009 [INFO] HTTP Request: GET https://total.kz/storage/d0/d0cef0fbe96842618e673879cadf06a7_resize_w_830_h_465.jpg "HTTP/1.1 200 OK"
2026-04-03 10:23:08,117 [INFO] HTTP Request: GET https://total.kz/storage/80/803ecf10ae5a819efb95293e25430bfb_resize_w_830_h_465.jpg "HTTP/1.1 200 OK"
2026-04-03 10:23:09,322 [INFO] HTTP Request: GET https://total.kz/storage/38/38f280d101866a6bfa51c999d11510c3.jpeg "HTTP/1.1 200 OK"
2026-04-03 10:23:10,661 [INFO]   Batch done: ok=3, failed=3, not_found=1
2026-04-03 10:23:10,661 [INFO]   Running total: ok=3, failed=3, not_found=1
2026-04-03 10:23:10,661 [INFO] Download complete: {'ok': 3, 'failed': 3, 'not_found': 1, 'duplicate': 0, 'skipped': 0}
2026-04-03 10:23:10,661 [INFO] Skipping img_cache migration (--skip-cache-migrate)
2026-04-03 10:23:10,661 [INFO] Rewriting article image URLs to local paths...
2026-04-03 10:23:10,819 [INFO] URL mapping has 86859 entries
2026-04-03 10:23:11,091 [INFO] Rewrote 3 article image URLs to local paths
2026-04-03 10:23:11,748 [INFO] ==================================================
2026-04-03 10:23:11,748 [INFO] MEDIA PIPELINE STATS
2026-04-03 10:23:11,748 [INFO]   Media records by status: {'pending': 2855, 'not_found': 1, 'ok': 86859}
2026-04-03 10:23:11,748 [INFO]   Optimized: 86859
2026-04-03 10:23:11,748 [INFO]   Total local size: 4183.3 MB
2026-04-03 10:23:11,748 [INFO]   Articles with local images: 160790
2026-04-03 10:23:11,748 [INFO]   Articles still pointing to total.kz: 24815
2026-04-03 10:23:11,748 [INFO] ==================================================
2026-04-03 11:39:15,005 [INFO] Ensuring media table columns...
2026-04-03 11:39:15,056 [INFO] Collecting unique image URLs...
2026-04-03 11:39:15,379 [INFO] Found 6 unique storage URLs in articles.main_image
2026-04-03 11:39:16,879 [INFO] Total unique URLs including media table: 86865
2026-04-03 11:39:17,034 [INFO] Already downloaded: 86859, pending: 6
2026-04-03 11:39:17,034 [INFO]   From img_cache (no download): 1
2026-04-03 11:39:17,034 [INFO]   Need download from total.kz: 5
2026-04-03 11:39:17,053 [INFO] Processing 6 images (1 cached + rest remote) with 2 workers...
2026-04-03 11:39:17,054 [INFO] Batch 1/1: processing 6 images...
2026-04-03 11:39:17,242 [INFO] HTTP Request: GET https://total.kz/storage/80/803ecf10ae5a819efb95293e25430bfb_resize_w_830_h_465.jpg "HTTP/1.1 200 OK"
2026-04-03 11:39:17,700 [INFO] HTTP Request: GET https://total.kz/storage/91/9160266cd4f89a07bdac76edd95c44f6.png "HTTP/1.1 200 OK"
2026-04-03 11:39:19,093 [INFO] HTTP Request: GET https://total.kz/storage/40/4098bc337d1becdc7ae75d589f4c94fd.JPG "HTTP/1.1 404 Not Found"
2026-04-03 11:39:19,437 [INFO] HTTP Request: GET https://total.kz/storage/9a/9a68c99cbf862a8ac0e6b8e04120696c.jpg "HTTP/1.1 200 OK"
2026-04-03 11:39:19,886 [INFO] HTTP Request: GET https://total.kz/storage/d0/d0cef0fbe96842618e673879cadf06a7_resize_w_830_h_465.jpg "HTTP/1.1 200 OK"
2026-04-03 11:39:20,004 [INFO]   Batch done: ok=2, failed=3, not_found=1
2026-04-03 11:39:20,004 [INFO]   Running total: ok=2, failed=3, not_found=1
2026-04-03 11:39:20,004 [INFO] Download complete: {'ok': 2, 'failed': 3, 'not_found': 1, 'duplicate': 0, 'skipped': 0}
2026-04-03 11:39:20,004 [INFO] Skipping img_cache migration (--skip-cache-migrate)
2026-04-03 11:39:20,004 [INFO] Rewriting article image URLs to local paths...
2026-04-03 11:39:20,307 [INFO] URL mapping has 86861 entries
2026-04-03 11:39:20,581 [INFO] Rewrote 2 article image URLs to local paths
2026-04-03 11:39:21,350 [INFO] ==================================================
2026-04-03 11:39:21,350 [INFO] MEDIA PIPELINE STATS
2026-04-03 11:39:21,350 [INFO]   Media records by status: {'pending': 2855, 'not_found': 1, 'ok': 86861}
2026-04-03 11:39:21,350 [INFO]   Optimized: 86861
2026-04-03 11:39:21,350 [INFO]   Total local size: 4183.5 MB
2026-04-03 11:39:21,350 [INFO]   Articles with local images: 160792
2026-04-03 11:39:21,350 [INFO]   Articles still pointing to total.kz: 24815
2026-04-03 11:39:21,350 [INFO] ==================================================
2026-04-03 12:56:11,474 [INFO] Ensuring media table columns...
2026-04-03 12:56:11,547 [INFO] Collecting unique image URLs...
2026-04-03 12:56:11,735 [INFO] Found 7 unique storage URLs in articles.main_image
2026-04-03 12:56:13,137 [INFO] Total unique URLs including media table: 86868
2026-04-03 12:56:13,301 [INFO] Already downloaded: 86861, pending: 7
2026-04-03 12:56:13,304 [INFO]   From img_cache (no download): 1
2026-04-03 12:56:13,304 [INFO]   Need download from total.kz: 6
2026-04-03 12:56:13,332 [INFO] Processing 7 images (1 cached + rest remote) with 2 workers...
2026-04-03 12:56:13,332 [INFO] Batch 1/1: processing 7 images...
2026-04-03 12:56:13,777 [INFO] HTTP Request: GET https://total.kz/storage/15/1596719aa9c31cb39b46526162bdde55.jpg "HTTP/1.1 200 OK"
2026-04-03 12:56:14,203 [INFO] HTTP Request: GET https://total.kz/storage/d0/d0cef0fbe96842618e673879cadf06a7_resize_w_830_h_465.jpg "HTTP/1.1 200 OK"
2026-04-03 12:56:14,575 [INFO] HTTP Request: GET https://total.kz/storage/c6/c6a4a63465b9b5ff28be2f47cd7ea175.jpg "HTTP/1.1 200 OK"
2026-04-03 12:56:15,568 [INFO] HTTP Request: GET https://total.kz/storage/80/803ecf10ae5a819efb95293e25430bfb_resize_w_830_h_465.jpg "HTTP/1.1 200 OK"
2026-04-03 12:56:16,057 [INFO] HTTP Request: GET https://total.kz/storage/40/4098bc337d1becdc7ae75d589f4c94fd.JPG "HTTP/1.1 404 Not Found"
2026-04-03 12:56:16,401 [INFO] HTTP Request: GET https://total.kz/storage/06/067865ef21959a236e2781e6fc476808.jpg "HTTP/1.1 200 OK"
2026-04-03 12:56:17,255 [INFO]   Batch done: ok=3, failed=3, not_found=1
2026-04-03 12:56:17,255 [INFO]   Running total: ok=3, failed=3, not_found=1
2026-04-03 12:56:17,255 [INFO] Download complete: {'ok': 3, 'failed': 3, 'not_found': 1, 'duplicate': 0, 'skipped': 0}
2026-04-03 12:56:17,255 [INFO] Skipping img_cache migration (--skip-cache-migrate)
2026-04-03 12:56:17,255 [INFO] Rewriting article image URLs to local paths...
2026-04-03 12:56:17,453 [INFO] URL mapping has 86864 entries
2026-04-03 12:56:17,780 [INFO] Rewrote 3 article image URLs to local paths
2026-04-03 12:56:18,553 [INFO] ==================================================
2026-04-03 12:56:18,553 [INFO] MEDIA PIPELINE STATS
2026-04-03 12:56:18,553 [INFO]   Media records by status: {'pending': 2855, 'not_found': 1, 'ok': 86864}
2026-04-03 12:56:18,553 [INFO]   Optimized: 86864
2026-04-03 12:56:18,553 [INFO]   Total local size: 4183.8 MB
2026-04-03 12:56:18,553 [INFO]   Articles with local images: 160795
2026-04-03 12:56:18,553 [INFO]   Articles still pointing to total.kz: 24815
2026-04-03 12:56:18,553 [INFO] ==================================================
2026-04-03 14:14:48,311 [INFO] Ensuring media table columns...
2026-04-03 14:14:48,369 [INFO] Collecting unique image URLs...
2026-04-03 14:14:48,960 [INFO] Found 6 unique storage URLs in articles.main_image
2026-04-03 14:14:51,199 [INFO] Total unique URLs including media table: 86870
2026-04-03 14:14:51,538 [INFO] Already downloaded: 86864, pending: 6
2026-04-03 14:14:51,540 [INFO]   From img_cache (no download): 1
2026-04-03 14:14:51,540 [INFO]   Need download from total.kz: 5
2026-04-03 14:14:51,583 [INFO] Processing 6 images (1 cached + rest remote) with 2 workers...
2026-04-03 14:14:51,583 [INFO] Batch 1/1: processing 6 images...
2026-04-03 14:14:51,944 [INFO] HTTP Request: GET https://total.kz/storage/80/803ecf10ae5a819efb95293e25430bfb_resize_w_830_h_465.jpg "HTTP/1.1 200 OK"
2026-04-03 14:14:52,297 [INFO] HTTP Request: GET https://total.kz/storage/e6/e6b9dd5418c4b24a07eb46d48a1a0fb5.png "HTTP/1.1 200 OK"
2026-04-03 14:14:55,013 [INFO] HTTP Request: GET https://total.kz/storage/40/4098bc337d1becdc7ae75d589f4c94fd.JPG "HTTP/1.1 404 Not Found"
2026-04-03 14:14:55,024 [INFO] HTTP Request: GET https://total.kz/storage/d0/d0cef0fbe96842618e673879cadf06a7_resize_w_830_h_465.jpg "HTTP/1.1 200 OK"
2026-04-03 14:14:55,330 [INFO] HTTP Request: GET https://total.kz/storage/34/340662aec170b4f4ea38c9f4c37afc96.jpg "HTTP/1.1 200 OK"
2026-04-03 14:14:55,962 [INFO]   Batch done: ok=2, failed=3, not_found=1
2026-04-03 14:14:55,962 [INFO]   Running total: ok=2, failed=3, not_found=1
2026-04-03 14:14:55,962 [INFO] Download complete: {'ok': 2, 'failed': 3, 'not_found': 1, 'duplicate': 0, 'skipped': 0}
2026-04-03 14:14:55,962 [INFO] Skipping img_cache migration (--skip-cache-migrate)
2026-04-03 14:14:55,962 [INFO] Rewriting article image URLs to local paths...
2026-04-03 14:14:56,424 [INFO] URL mapping has 86866 entries
2026-04-03 14:14:57,242 [INFO] Rewrote 2 article image URLs to local paths
2026-04-03 14:14:58,916 [INFO] ==================================================
2026-04-03 14:14:58,916 [INFO] MEDIA PIPELINE STATS
2026-04-03 14:14:58,916 [INFO]   Media records by status: {'pending': 2855, 'not_found': 1, 'ok': 86866}
2026-04-03 14:14:58,916 [INFO]   Optimized: 86866
2026-04-03 14:14:58,916 [INFO]   Total local size: 4184.0 MB
2026-04-03 14:14:58,916 [INFO]   Articles with local images: 160797
2026-04-03 14:14:58,916 [INFO]   Articles still pointing to total.kz: 24815
2026-04-03 14:14:58,916 [INFO] ==================================================
2026-04-03 15:31:18,039 [INFO] Ensuring media table columns...
2026-04-03 15:31:18,086 [INFO] Collecting unique image URLs...
2026-04-03 15:31:18,362 [INFO] Found 5 unique storage URLs in articles.main_image
2026-04-03 15:31:19,573 [INFO] Total unique URLs including media table: 86871
2026-04-03 15:31:19,720 [INFO] Already downloaded: 86866, pending: 5
2026-04-03 15:31:19,721 [INFO]   From img_cache (no download): 1
2026-04-03 15:31:19,721 [INFO]   Need download from total.kz: 4
2026-04-03 15:31:19,736 [INFO] Processing 5 images (1 cached + rest remote) with 2 workers...
2026-04-03 15:31:19,736 [INFO] Batch 1/1: processing 5 images...
2026-04-03 15:31:20,262 [INFO] HTTP Request: GET https://total.kz/storage/ca/ca6d2687156c35ff2a68897bcc3a1e12.jpg "HTTP/1.1 200 OK"
2026-04-03 15:31:20,675 [INFO] HTTP Request: GET https://total.kz/storage/80/803ecf10ae5a819efb95293e25430bfb_resize_w_830_h_465.jpg "HTTP/1.1 200 OK"
2026-04-03 15:31:20,784 [INFO] HTTP Request: GET https://total.kz/storage/d0/d0cef0fbe96842618e673879cadf06a7_resize_w_830_h_465.jpg "HTTP/1.1 200 OK"
2026-04-03 15:31:22,305 [INFO] HTTP Request: GET https://total.kz/storage/40/4098bc337d1becdc7ae75d589f4c94fd.JPG "HTTP/1.1 404 Not Found"
2026-04-03 15:31:22,339 [INFO]   Batch done: ok=1, failed=3, not_found=1
2026-04-03 15:31:22,340 [INFO]   Running total: ok=1, failed=3, not_found=1
2026-04-03 15:31:22,340 [INFO] Download complete: {'ok': 1, 'failed': 3, 'not_found': 1, 'duplicate': 0, 'skipped': 0}
2026-04-03 15:31:22,340 [INFO] Skipping img_cache migration (--skip-cache-migrate)
2026-04-03 15:31:22,340 [INFO] Rewriting article image URLs to local paths...
2026-04-03 15:31:22,657 [INFO] URL mapping has 86867 entries
2026-04-03 15:31:23,087 [INFO] Rewrote 1 article image URLs to local paths
2026-04-03 15:31:23,841 [INFO] ==================================================
2026-04-03 15:31:23,841 [INFO] MEDIA PIPELINE STATS
2026-04-03 15:31:23,841 [INFO]   Media records by status: {'pending': 2855, 'not_found': 1, 'ok': 86867}
2026-04-03 15:31:23,841 [INFO]   Optimized: 86867
2026-04-03 15:31:23,842 [INFO]   Total local size: 4184.1 MB
2026-04-03 15:31:23,842 [INFO]   Articles with local images: 160798
2026-04-03 15:31:23,842 [INFO]   Articles still pointing to total.kz: 24815
2026-04-03 15:31:23,842 [INFO] ==================================================
2026-04-03 16:46:45,130 [INFO] Ensuring media table columns...
2026-04-03 16:46:45,179 [INFO] Collecting unique image URLs...
2026-04-03 16:46:45,335 [INFO] Found 4 unique storage URLs in articles.main_image
2026-04-03 16:46:46,504 [INFO] Total unique URLs including media table: 86871
2026-04-03 16:46:46,678 [INFO] Already downloaded: 86867, pending: 4
2026-04-03 16:46:46,679 [INFO]   From img_cache (no download): 1
2026-04-03 16:46:46,679 [INFO]   Need download from total.kz: 3
2026-04-03 16:46:46,703 [INFO] Processing 4 images (1 cached + rest remote) with 2 workers...
2026-04-03 16:46:46,703 [INFO] Batch 1/1: processing 4 images...
2026-04-03 16:46:47,290 [INFO] HTTP Request: GET https://total.kz/storage/40/4098bc337d1becdc7ae75d589f4c94fd.JPG "HTTP/1.1 404 Not Found"
2026-04-03 16:46:47,299 [INFO] HTTP Request: GET https://total.kz/storage/80/803ecf10ae5a819efb95293e25430bfb_resize_w_830_h_465.jpg "HTTP/1.1 200 OK"
2026-04-03 16:46:47,413 [INFO] HTTP Request: GET https://total.kz/storage/d0/d0cef0fbe96842618e673879cadf06a7_resize_w_830_h_465.jpg "HTTP/1.1 200 OK"
2026-04-03 16:46:47,533 [INFO]   Batch done: ok=0, failed=3, not_found=1
2026-04-03 16:46:47,533 [INFO]   Running total: ok=0, failed=3, not_found=1
2026-04-03 16:46:47,533 [INFO] Download complete: {'ok': 0, 'failed': 3, 'not_found': 1, 'duplicate': 0, 'skipped': 0}
2026-04-03 16:46:47,533 [INFO] Skipping img_cache migration (--skip-cache-migrate)
2026-04-03 16:46:47,533 [INFO] Rewriting article image URLs to local paths...
2026-04-03 16:46:47,749 [INFO] URL mapping has 86867 entries
2026-04-03 16:46:48,040 [INFO] Rewrote 0 article image URLs to local paths
2026-04-03 16:46:48,886 [INFO] ==================================================
2026-04-03 16:46:48,886 [INFO] MEDIA PIPELINE STATS
2026-04-03 16:46:48,886 [INFO]   Media records by status: {'pending': 2855, 'not_found': 1, 'ok': 86867}
2026-04-03 16:46:48,886 [INFO]   Optimized: 86867
2026-04-03 16:46:48,886 [INFO]   Total local size: 4184.1 MB
2026-04-03 16:46:48,886 [INFO]   Articles with local images: 160798
2026-04-03 16:46:48,886 [INFO]   Articles still pointing to total.kz: 24815
2026-04-03 16:46:48,886 [INFO] ==================================================
2026-04-03 18:03:25,695 [INFO] Ensuring media table columns...
2026-04-03 18:03:25,814 [INFO] Collecting unique image URLs...
2026-04-03 18:03:26,209 [INFO] Found 4 unique storage URLs in articles.main_image
2026-04-03 18:03:28,566 [INFO] Total unique URLs including media table: 86871
2026-04-03 18:03:28,811 [INFO] Already downloaded: 86867, pending: 4
2026-04-03 18:03:28,812 [INFO]   From img_cache (no download): 1
2026-04-03 18:03:28,812 [INFO]   Need download from total.kz: 3
2026-04-03 18:03:28,885 [INFO] Processing 4 images (1 cached + rest remote) with 2 workers...
2026-04-03 18:03:28,885 [INFO] Batch 1/1: processing 4 images...
2026-04-03 18:03:29,299 [INFO] HTTP Request: GET https://total.kz/storage/80/803ecf10ae5a819efb95293e25430bfb_resize_w_830_h_465.jpg "HTTP/1.1 200 OK"
2026-04-03 18:03:29,872 [INFO] HTTP Request: GET https://total.kz/storage/40/4098bc337d1becdc7ae75d589f4c94fd.JPG "HTTP/1.1 404 Not Found"
2026-04-03 18:03:29,881 [INFO] HTTP Request: GET https://total.kz/storage/d0/d0cef0fbe96842618e673879cadf06a7_resize_w_830_h_465.jpg "HTTP/1.1 200 OK"
2026-04-03 18:03:29,997 [INFO]   Batch done: ok=0, failed=3, not_found=1
2026-04-03 18:03:29,997 [INFO]   Running total: ok=0, failed=3, not_found=1
2026-04-03 18:03:29,997 [INFO] Download complete: {'ok': 0, 'failed': 3, 'not_found': 1, 'duplicate': 0, 'skipped': 0}
2026-04-03 18:03:29,997 [INFO] Skipping img_cache migration (--skip-cache-migrate)
2026-04-03 18:03:29,997 [INFO] Rewriting article image URLs to local paths...
2026-04-03 18:03:30,406 [INFO] URL mapping has 86867 entries
2026-04-03 18:03:30,990 [INFO] Rewrote 0 article image URLs to local paths
2026-04-03 18:03:32,476 [INFO] ==================================================
2026-04-03 18:03:32,476 [INFO] MEDIA PIPELINE STATS
2026-04-03 18:03:32,476 [INFO]   Media records by status: {'pending': 2855, 'not_found': 1, 'ok': 86867}
2026-04-03 18:03:32,476 [INFO]   Optimized: 86867
2026-04-03 18:03:32,476 [INFO]   Total local size: 4184.1 MB
2026-04-03 18:03:32,476 [INFO]   Articles with local images: 160798
2026-04-03 18:03:32,476 [INFO]   Articles still pointing to total.kz: 24815
2026-04-03 18:03:32,476 [INFO] ==================================================
2026-04-03 19:29:37,846 [INFO] Ensuring media table columns...
2026-04-03 19:29:38,052 [INFO] Collecting unique image URLs...
2026-04-03 19:29:39,252 [INFO] Found 4 unique storage URLs in articles.main_image
2026-04-03 19:29:45,636 [INFO] Total unique URLs including media table: 86871
2026-04-03 19:29:46,533 [INFO] Already downloaded: 86867, pending: 4
2026-04-03 19:29:46,533 [INFO]   From img_cache (no download): 1
2026-04-03 19:29:46,533 [INFO]   Need download from total.kz: 3
2026-04-03 19:29:46,550 [INFO] Processing 4 images (1 cached + rest remote) with 2 workers...
2026-04-03 19:29:46,551 [INFO] Batch 1/1: processing 4 images...
2026-04-03 19:29:47,232 [INFO] HTTP Request: GET https://total.kz/storage/80/803ecf10ae5a819efb95293e25430bfb_resize_w_830_h_465.jpg "HTTP/1.1 200 OK"
2026-04-03 19:29:47,343 [INFO] HTTP Request: GET https://total.kz/storage/d0/d0cef0fbe96842618e673879cadf06a7_resize_w_830_h_465.jpg "HTTP/1.1 200 OK"
2026-04-03 19:29:47,734 [INFO] HTTP Request: GET https://total.kz/storage/40/4098bc337d1becdc7ae75d589f4c94fd.JPG "HTTP/1.1 404 Not Found"
2026-04-03 19:29:47,739 [INFO]   Batch done: ok=0, failed=3, not_found=1
2026-04-03 19:29:47,739 [INFO]   Running total: ok=0, failed=3, not_found=1
2026-04-03 19:29:47,740 [INFO] Download complete: {'ok': 0, 'failed': 3, 'not_found': 1, 'duplicate': 0, 'skipped': 0}
2026-04-03 19:29:47,740 [INFO] Skipping img_cache migration (--skip-cache-migrate)
2026-04-03 19:29:47,740 [INFO] Rewriting article image URLs to local paths...
2026-04-03 19:29:48,835 [INFO] URL mapping has 86867 entries
2026-04-03 19:29:50,339 [INFO] Rewrote 0 article image URLs to local paths
2026-04-03 19:29:54,342 [INFO] ==================================================
2026-04-03 19:29:54,342 [INFO] MEDIA PIPELINE STATS
2026-04-03 19:29:54,342 [INFO]   Media records by status: {'pending': 2855, 'not_found': 1, 'ok': 86867}
2026-04-03 19:29:54,342 [INFO]   Optimized: 86867
2026-04-03 19:29:54,342 [INFO]   Total local size: 4184.1 MB
2026-04-03 19:29:54,342 [INFO]   Articles with local images: 160798
2026-04-03 19:29:54,342 [INFO]   Articles still pointing to total.kz: 24815
2026-04-03 19:29:54,342 [INFO] ==================================================
2026-04-03 21:45:16,632 [INFO] Ensuring media table columns...
2026-04-03 21:45:21,427 [INFO] Collecting unique image URLs...
2026-04-03 21:45:31,929 [INFO] Found 4 unique storage URLs in articles.main_image
2026-04-03 21:46:53,331 [INFO] Total unique URLs including media table: 86871
2026-04-03 21:47:01,531 [INFO] Already downloaded: 86867, pending: 4
2026-04-03 21:47:01,532 [INFO]   From img_cache (no download): 1
2026-04-03 21:47:01,532 [INFO]   Need download from total.kz: 3
2026-04-03 21:47:03,430 [INFO] Processing 4 images (1 cached + rest remote) with 2 workers...
2026-04-03 21:47:03,431 [INFO] Batch 1/1: processing 4 images...
2026-04-03 21:47:14,430 [INFO] HTTP Request: GET https://total.kz/storage/d0/d0cef0fbe96842618e673879cadf06a7_resize_w_830_h_465.jpg "HTTP/1.1 200 OK"
2026-04-03 21:47:15,228 [INFO] HTTP Request: GET https://total.kz/storage/40/4098bc337d1becdc7ae75d589f4c94fd.JPG "HTTP/1.1 404 Not Found"
2026-04-03 21:47:15,428 [INFO] HTTP Request: GET https://total.kz/storage/80/803ecf10ae5a819efb95293e25430bfb_resize_w_830_h_465.jpg "HTTP/1.1 200 OK"
2026-04-03 21:47:15,729 [INFO]   Batch done: ok=0, failed=3, not_found=1
2026-04-03 21:47:15,729 [INFO]   Running total: ok=0, failed=3, not_found=1
2026-04-03 21:47:15,730 [INFO] Download complete: {'ok': 0, 'failed': 3, 'not_found': 1, 'duplicate': 0, 'skipped': 0}
2026-04-03 21:47:15,730 [INFO] Skipping img_cache migration (--skip-cache-migrate)
2026-04-03 21:47:15,730 [INFO] Rewriting article image URLs to local paths...
2026-04-03 21:47:22,832 [INFO] URL mapping has 86867 entries
2026-04-03 21:47:43,929 [INFO] Rewrote 0 article image URLs to local paths
2026-04-03 21:48:42,830 [INFO] ==================================================
2026-04-03 21:48:42,830 [INFO] MEDIA PIPELINE STATS
2026-04-03 21:48:42,830 [INFO]   Media records by status: {'pending': 2855, 'not_found': 1, 'ok': 86867}
2026-04-03 21:48:42,830 [INFO]   Optimized: 86867
2026-04-03 21:48:42,830 [INFO]   Total local size: 4184.1 MB
2026-04-03 21:48:42,831 [INFO]   Articles with local images: 160798
2026-04-03 21:48:42,831 [INFO]   Articles still pointing to total.kz: 24815
2026-04-03 21:48:42,831 [INFO] ==================================================
2026-04-04 00:29:48,230 [INFO] Ensuring media table columns...
2026-04-04 00:29:51,632 [INFO] Collecting unique image URLs...
2026-04-04 00:30:15,229 [INFO] Found 4 unique storage URLs in articles.main_image
2026-04-04 00:32:05,135 [INFO] Total unique URLs including media table: 86871
2026-04-04 00:32:14,929 [INFO] Already downloaded: 86867, pending: 4
2026-04-04 00:32:14,930 [INFO]   From img_cache (no download): 1
2026-04-04 00:32:14,930 [INFO]   Need download from total.kz: 3
2026-04-04 00:32:15,932 [INFO] Processing 4 images (1 cached + rest remote) with 2 workers...
2026-04-04 00:32:15,932 [INFO] Batch 1/1: processing 4 images...
2026-04-04 00:32:26,731 [INFO] HTTP Request: GET https://total.kz/storage/40/4098bc337d1becdc7ae75d589f4c94fd.JPG "HTTP/1.1 404 Not Found"
2026-04-04 00:32:27,032 [INFO] HTTP Request: GET https://total.kz/storage/d0/d0cef0fbe96842618e673879cadf06a7_resize_w_830_h_465.jpg "HTTP/1.1 200 OK"
2026-04-04 00:32:28,130 [INFO] HTTP Request: GET https://total.kz/storage/80/803ecf10ae5a819efb95293e25430bfb_resize_w_830_h_465.jpg "HTTP/1.1 200 OK"
2026-04-04 00:32:29,239 [INFO]   Batch done: ok=0, failed=3, not_found=1
2026-04-04 00:32:29,239 [INFO]   Running total: ok=0, failed=3, not_found=1
2026-04-04 00:32:29,239 [INFO] Download complete: {'ok': 0, 'failed': 3, 'not_found': 1, 'duplicate': 0, 'skipped': 0}
2026-04-04 00:32:29,239 [INFO] Skipping img_cache migration (--skip-cache-migrate)
2026-04-04 00:32:29,335 [INFO] Rewriting article image URLs to local paths...
2026-04-04 00:32:39,935 [INFO] URL mapping has 86867 entries
2026-04-04 00:33:11,033 [INFO] Rewrote 0 article image URLs to local paths
2026-04-04 00:34:36,432 [INFO] ==================================================
2026-04-04 00:34:36,432 [INFO] MEDIA PIPELINE STATS
2026-04-04 00:34:36,433 [INFO]   Media records by status: {'pending': 2855, 'not_found': 1, 'ok': 86867}
2026-04-04 00:34:36,433 [INFO]   Optimized: 86867
2026-04-04 00:34:36,433 [INFO]   Total local size: 4184.1 MB
2026-04-04 00:34:36,433 [INFO]   Articles with local images: 160798
2026-04-04 00:34:36,433 [INFO]   Articles still pointing to total.kz: 24815
2026-04-04 00:34:36,433 [INFO] ==================================================
2026-04-04 04:06:47,129 [INFO] Ensuring media table columns...
2026-04-04 04:06:53,433 [INFO] Collecting unique image URLs...
2026-04-04 04:07:13,130 [INFO] Found 4 unique storage URLs in articles.main_image
2026-04-04 04:11:10,031 [INFO] Total unique URLs including media table: 86871
2026-04-04 04:11:19,434 [INFO] Already downloaded: 86867, pending: 4
2026-04-04 04:11:19,829 [INFO]   From img_cache (no download): 1
2026-04-04 04:11:19,829 [INFO]   Need download from total.kz: 3
2026-04-04 04:11:20,533 [INFO] Processing 4 images (1 cached + rest remote) with 2 workers...
2026-04-04 04:11:20,534 [INFO] Batch 1/1: processing 4 images...
2026-04-04 04:11:35,438 [INFO] HTTP Request: GET https://total.kz/storage/40/4098bc337d1becdc7ae75d589f4c94fd.JPG "HTTP/1.1 404 Not Found"
2026-04-04 04:11:35,836 [INFO] HTTP Request: GET https://total.kz/storage/80/803ecf10ae5a819efb95293e25430bfb_resize_w_830_h_465.jpg "HTTP/1.1 200 OK"
2026-04-04 04:11:37,629 [INFO] HTTP Request: GET https://total.kz/storage/d0/d0cef0fbe96842618e673879cadf06a7_resize_w_830_h_465.jpg "HTTP/1.1 200 OK"
2026-04-04 04:11:38,530 [INFO]   Batch done: ok=0, failed=3, not_found=1
2026-04-04 04:11:38,531 [INFO]   Running total: ok=0, failed=3, not_found=1
2026-04-04 04:11:38,531 [INFO] Download complete: {'ok': 0, 'failed': 3, 'not_found': 1, 'duplicate': 0, 'skipped': 0}
2026-04-04 04:11:38,531 [INFO] Skipping img_cache migration (--skip-cache-migrate)
2026-04-04 04:11:38,531 [INFO] Rewriting article image URLs to local paths...
2026-04-04 04:11:51,930 [INFO] URL mapping has 86867 entries
2026-04-04 04:12:28,529 [INFO] Rewrote 0 article image URLs to local paths
2026-04-04 04:13:50,532 [INFO] ==================================================
2026-04-04 04:13:50,532 [INFO] MEDIA PIPELINE STATS
2026-04-04 04:13:50,532 [INFO]   Media records by status: {'pending': 2855, 'not_found': 1, 'ok': 86867}
2026-04-04 04:13:50,532 [INFO]   Optimized: 86867
2026-04-04 04:13:50,532 [INFO]   Total local size: 4184.1 MB
2026-04-04 04:13:50,533 [INFO]   Articles with local images: 160798
2026-04-04 04:13:50,533 [INFO]   Articles still pointing to total.kz: 24815
2026-04-04 04:13:50,533 [INFO] ==================================================
2026-04-04 05:18:49,920 [INFO] Ensuring media table columns...
2026-04-04 05:18:49,972 [INFO] Collecting unique image URLs...
2026-04-04 05:18:52,423 [INFO] Found 6 unique storage URLs in articles.main_image
2026-04-04 05:18:54,084 [INFO] Total unique URLs including media table: 86873
2026-04-04 05:18:54,303 [INFO] Already downloaded: 86867, pending: 6
2026-04-04 05:18:54,311 [INFO]   From img_cache (no download): 1
2026-04-04 05:18:54,311 [INFO]   Need download from total.kz: 5
2026-04-04 05:18:54,333 [INFO] Processing 6 images (1 cached + rest remote) with 2 workers...
2026-04-04 05:18:54,333 [INFO] Batch 1/1: processing 6 images...
2026-04-04 05:18:54,845 [INFO] HTTP Request: GET https://total.kz/storage/66/66ecda79409d130fc2aa79fa0acd6dc9.jpg "HTTP/1.1 200 OK"
2026-04-04 05:18:55,302 [INFO] HTTP Request: GET https://total.kz/storage/80/803ecf10ae5a819efb95293e25430bfb_resize_w_830_h_465.jpg "HTTP/1.1 200 OK"
2026-04-04 05:18:55,413 [INFO] HTTP Request: GET https://total.kz/storage/d0/d0cef0fbe96842618e673879cadf06a7_resize_w_830_h_465.jpg "HTTP/1.1 200 OK"
2026-04-04 05:18:55,812 [INFO] HTTP Request: GET https://total.kz/storage/40/4098bc337d1becdc7ae75d589f4c94fd.JPG "HTTP/1.1 404 Not Found"
2026-04-04 05:18:56,116 [INFO] HTTP Request: GET https://total.kz/storage/ee/eee3f7c6a25283e947654345d6358666.jpg "HTTP/1.1 200 OK"
2026-04-04 05:18:56,671 [INFO]   Batch done: ok=2, failed=3, not_found=1
2026-04-04 05:18:56,671 [INFO]   Running total: ok=2, failed=3, not_found=1
2026-04-04 05:18:56,672 [INFO] Download complete: {'ok': 2, 'failed': 3, 'not_found': 1, 'duplicate': 0, 'skipped': 0}
2026-04-04 05:18:56,672 [INFO] Skipping img_cache migration (--skip-cache-migrate)
2026-04-04 05:18:56,672 [INFO] Rewriting article image URLs to local paths...
2026-04-04 05:18:56,909 [INFO] URL mapping has 86869 entries
2026-04-04 05:18:57,148 [INFO] Rewrote 2 article image URLs to local paths
2026-04-04 05:18:57,827 [INFO] ==================================================
2026-04-04 05:18:57,827 [INFO] MEDIA PIPELINE STATS
2026-04-04 05:18:57,827 [INFO]   Media records by status: {'pending': 2855, 'not_found': 1, 'ok': 86869}
2026-04-04 05:18:57,827 [INFO]   Optimized: 86869
2026-04-04 05:18:57,827 [INFO]   Total local size: 4184.2 MB
2026-04-04 05:18:57,827 [INFO]   Articles with local images: 160800
2026-04-04 05:18:57,827 [INFO]   Articles still pointing to total.kz: 24815
2026-04-04 05:18:57,827 [INFO] ==================================================
2026-04-04 06:34:16,757 [INFO] Ensuring media table columns...
2026-04-04 06:34:16,812 [INFO] Collecting unique image URLs...
2026-04-04 06:34:16,998 [INFO] Found 6 unique storage URLs in articles.main_image
2026-04-04 06:34:18,656 [INFO] Total unique URLs including media table: 86874
2026-04-04 06:34:18,938 [INFO] Already downloaded: 86869, pending: 5
2026-04-04 06:34:18,939 [INFO]   From img_cache (no download): 1
2026-04-04 06:34:18,940 [INFO]   Need download from total.kz: 4
2026-04-04 06:34:18,973 [INFO] Processing 5 images (1 cached + rest remote) with 2 workers...
2026-04-04 06:34:18,973 [INFO] Batch 1/1: processing 5 images...
2026-04-04 06:34:19,391 [INFO] HTTP Request: GET https://total.kz/storage/d0/d0cef0fbe96842618e673879cadf06a7_resize_w_830_h_465.jpg "HTTP/1.1 200 OK"
2026-04-04 06:34:19,689 [INFO] HTTP Request: GET https://total.kz/storage/1f/1f871da9122f8fb806fe76baa24616c0.jpg "HTTP/1.1 200 OK"
2026-04-04 06:34:20,235 [INFO] HTTP Request: GET https://total.kz/storage/40/4098bc337d1becdc7ae75d589f4c94fd.JPG "HTTP/1.1 404 Not Found"
2026-04-04 06:34:20,245 [INFO] HTTP Request: GET https://total.kz/storage/80/803ecf10ae5a819efb95293e25430bfb_resize_w_830_h_465.jpg "HTTP/1.1 200 OK"
2026-04-04 06:34:20,372 [INFO]   Batch done: ok=1, failed=3, not_found=1
2026-04-04 06:34:20,372 [INFO]   Running total: ok=1, failed=3, not_found=1
2026-04-04 06:34:20,372 [INFO] Download complete: {'ok': 1, 'failed': 3, 'not_found': 1, 'duplicate': 0, 'skipped': 0}
2026-04-04 06:34:20,372 [INFO] Skipping img_cache migration (--skip-cache-migrate)
2026-04-04 06:34:20,372 [INFO] Rewriting article image URLs to local paths...
2026-04-04 06:34:20,801 [INFO] URL mapping has 86870 entries
2026-04-04 06:34:21,162 [INFO] Rewrote 2 article image URLs to local paths
2026-04-04 06:34:22,342 [INFO] ==================================================
2026-04-04 06:34:22,342 [INFO] MEDIA PIPELINE STATS
2026-04-04 06:34:22,342 [INFO]   Media records by status: {'pending': 2855, 'not_found': 1, 'ok': 86870}
2026-04-04 06:34:22,342 [INFO]   Optimized: 86870
2026-04-04 06:34:22,342 [INFO]   Total local size: 4184.3 MB
2026-04-04 06:34:22,342 [INFO]   Articles with local images: 160802
2026-04-04 06:34:22,342 [INFO]   Articles still pointing to total.kz: 24815
2026-04-04 06:34:22,342 [INFO] ==================================================
2026-04-04 07:50:11,218 [INFO] Ensuring media table columns...
2026-04-04 07:50:11,250 [INFO] Collecting unique image URLs...
2026-04-04 07:50:11,400 [INFO] Found 6 unique storage URLs in articles.main_image
2026-04-04 07:50:13,364 [INFO] Total unique URLs including media table: 86876
2026-04-04 07:50:13,572 [INFO] Already downloaded: 86870, pending: 6
2026-04-04 07:50:13,577 [INFO]   From img_cache (no download): 1
2026-04-04 07:50:13,577 [INFO]   Need download from total.kz: 5
2026-04-04 07:50:13,599 [INFO] Processing 6 images (1 cached + rest remote) with 2 workers...
2026-04-04 07:50:13,599 [INFO] Batch 1/1: processing 6 images...
2026-04-04 07:50:13,773 [INFO] HTTP Request: GET https://total.kz/storage/80/803ecf10ae5a819efb95293e25430bfb_resize_w_830_h_465.jpg "HTTP/1.1 200 OK"
2026-04-04 07:50:14,139 [INFO] HTTP Request: GET https://total.kz/storage/e4/e41e37f56801061b70cd9d4bfdaf9ad2.jpg "HTTP/1.1 200 OK"
2026-04-04 07:50:15,052 [INFO] HTTP Request: GET https://total.kz/storage/40/4098bc337d1becdc7ae75d589f4c94fd.JPG "HTTP/1.1 404 Not Found"
2026-04-04 07:50:15,060 [INFO] HTTP Request: GET https://total.kz/storage/d0/d0cef0fbe96842618e673879cadf06a7_resize_w_830_h_465.jpg "HTTP/1.1 200 OK"
2026-04-04 07:50:15,417 [INFO] HTTP Request: GET https://total.kz/storage/f1/f13f4487255cb512f61c2cb6322e96e9.jpg "HTTP/1.1 200 OK"
2026-04-04 07:50:15,814 [INFO]   Batch done: ok=2, failed=3, not_found=1
2026-04-04 07:50:15,814 [INFO]   Running total: ok=2, failed=3, not_found=1
2026-04-04 07:50:15,814 [INFO] Download complete: {'ok': 2, 'failed': 3, 'not_found': 1, 'duplicate': 0, 'skipped': 0}
2026-04-04 07:50:15,814 [INFO] Skipping img_cache migration (--skip-cache-migrate)
2026-04-04 07:50:15,814 [INFO] Rewriting article image URLs to local paths...
2026-04-04 07:50:15,999 [INFO] URL mapping has 86872 entries
2026-04-04 07:50:16,290 [INFO] Rewrote 2 article image URLs to local paths
2026-04-04 07:50:17,028 [INFO] ==================================================
2026-04-04 07:50:17,028 [INFO] MEDIA PIPELINE STATS
2026-04-04 07:50:17,028 [INFO]   Media records by status: {'pending': 2855, 'not_found': 1, 'ok': 86872}
2026-04-04 07:50:17,028 [INFO]   Optimized: 86872
2026-04-04 07:50:17,028 [INFO]   Total local size: 4184.4 MB
2026-04-04 07:50:17,028 [INFO]   Articles with local images: 160804
2026-04-04 07:50:17,028 [INFO]   Articles still pointing to total.kz: 24815
2026-04-04 07:50:17,028 [INFO] ==================================================
2026-04-04 09:06:13,269 [INFO] Ensuring media table columns...
2026-04-04 09:06:13,283 [INFO] Collecting unique image URLs...
2026-04-04 09:06:13,424 [INFO] Found 5 unique storage URLs in articles.main_image
2026-04-04 09:06:14,511 [INFO] Total unique URLs including media table: 86877
2026-04-04 09:06:14,654 [INFO] Already downloaded: 86872, pending: 5
2026-04-04 09:06:14,655 [INFO]   From img_cache (no download): 1
2026-04-04 09:06:14,655 [INFO]   Need download from total.kz: 4
2026-04-04 09:06:14,676 [INFO] Processing 5 images (1 cached + rest remote) with 2 workers...
2026-04-04 09:06:14,677 [INFO] Batch 1/1: processing 5 images...
2026-04-04 09:06:15,019 [INFO] HTTP Request: GET https://total.kz/storage/21/211ecd0e19a4bf6d95d70cf712a7912f.png "HTTP/1.1 200 OK"
2026-04-04 09:06:16,078 [INFO] HTTP Request: GET https://total.kz/storage/40/4098bc337d1becdc7ae75d589f4c94fd.JPG "HTTP/1.1 404 Not Found"
2026-04-04 09:06:16,085 [INFO] HTTP Request: GET https://total.kz/storage/d0/d0cef0fbe96842618e673879cadf06a7_resize_w_830_h_465.jpg "HTTP/1.1 200 OK"
2026-04-04 09:06:16,195 [INFO] HTTP Request: GET https://total.kz/storage/80/803ecf10ae5a819efb95293e25430bfb_resize_w_830_h_465.jpg "HTTP/1.1 200 OK"
2026-04-04 09:06:16,302 [INFO]   Batch done: ok=1, failed=3, not_found=1
2026-04-04 09:06:16,302 [INFO]   Running total: ok=1, failed=3, not_found=1
2026-04-04 09:06:16,302 [INFO] Download complete: {'ok': 1, 'failed': 3, 'not_found': 1, 'duplicate': 0, 'skipped': 0}
2026-04-04 09:06:16,302 [INFO] Skipping img_cache migration (--skip-cache-migrate)
2026-04-04 09:06:16,302 [INFO] Rewriting article image URLs to local paths...
2026-04-04 09:06:16,480 [INFO] URL mapping has 86873 entries
2026-04-04 09:06:16,697 [INFO] Rewrote 1 article image URLs to local paths
2026-04-04 09:06:17,263 [INFO] ==================================================
2026-04-04 09:06:17,263 [INFO] MEDIA PIPELINE STATS
2026-04-04 09:06:17,263 [INFO]   Media records by status: {'pending': 2855, 'not_found': 1, 'ok': 86873}
2026-04-04 09:06:17,263 [INFO]   Optimized: 86873
2026-04-04 09:06:17,263 [INFO]   Total local size: 4184.5 MB
2026-04-04 09:06:17,263 [INFO]   Articles with local images: 160805
2026-04-04 09:06:17,263 [INFO]   Articles still pointing to total.kz: 24815
2026-04-04 09:06:17,263 [INFO] ==================================================
2026-04-04 10:21:41,136 [INFO] Ensuring media table columns...
2026-04-04 10:21:41,150 [INFO] Collecting unique image URLs...
2026-04-04 10:21:41,272 [INFO] Found 5 unique storage URLs in articles.main_image
2026-04-04 10:21:42,205 [INFO] Total unique URLs including media table: 86878
2026-04-04 10:21:42,337 [INFO] Already downloaded: 86873, pending: 5
2026-04-04 10:21:42,337 [INFO]   From img_cache (no download): 2
2026-04-04 10:21:42,337 [INFO]   Need download from total.kz: 3
2026-04-04 10:21:42,361 [INFO] Processing 5 images (2 cached + rest remote) with 2 workers...
2026-04-04 10:21:42,362 [INFO] Batch 1/1: processing 5 images...
2026-04-04 10:21:42,856 [INFO] HTTP Request: GET https://total.kz/storage/40/4098bc337d1becdc7ae75d589f4c94fd.JPG "HTTP/1.1 404 Not Found"
2026-04-04 10:21:43,162 [INFO] HTTP Request: GET https://total.kz/storage/3f/3f69a6d368b2317e25f202be13763f96.jpg "HTTP/1.1 200 OK"
2026-04-04 10:21:43,590 [INFO] HTTP Request: GET https://total.kz/storage/80/803ecf10ae5a819efb95293e25430bfb_resize_w_830_h_465.jpg "HTTP/1.1 200 OK"
2026-04-04 10:21:43,704 [INFO]   Batch done: ok=1, failed=3, not_found=1
2026-04-04 10:21:43,704 [INFO]   Running total: ok=1, failed=3, not_found=1
2026-04-04 10:21:43,704 [INFO] Download complete: {'ok': 1, 'failed': 3, 'not_found': 1, 'duplicate': 0, 'skipped': 0}
2026-04-04 10:21:43,704 [INFO] Skipping img_cache migration (--skip-cache-migrate)
2026-04-04 10:21:43,704 [INFO] Rewriting article image URLs to local paths...
2026-04-04 10:21:43,912 [INFO] URL mapping has 86874 entries
2026-04-04 10:21:44,149 [INFO] Rewrote 1 article image URLs to local paths
2026-04-04 10:21:44,771 [INFO] ==================================================
2026-04-04 10:21:44,771 [INFO] MEDIA PIPELINE STATS
2026-04-04 10:21:44,771 [INFO]   Media records by status: {'pending': 2855, 'not_found': 1, 'ok': 86874}
2026-04-04 10:21:44,771 [INFO]   Optimized: 86874
2026-04-04 10:21:44,771 [INFO]   Total local size: 4184.5 MB
2026-04-04 10:21:44,771 [INFO]   Articles with local images: 160806
2026-04-04 10:21:44,771 [INFO]   Articles still pointing to total.kz: 24815
2026-04-04 10:21:44,771 [INFO] ==================================================
2026-04-04 11:36:39,377 [INFO] Ensuring media table columns...
2026-04-04 11:36:39,390 [INFO] Collecting unique image URLs...
2026-04-04 11:36:39,542 [INFO] Found 6 unique storage URLs in articles.main_image
2026-04-04 11:36:40,543 [INFO] Total unique URLs including media table: 86879
2026-04-04 11:36:40,702 [INFO] Already downloaded: 86874, pending: 5
2026-04-04 11:36:40,703 [INFO]   From img_cache (no download): 2
2026-04-04 11:36:40,703 [INFO]   Need download from total.kz: 3
2026-04-04 11:36:40,731 [INFO] Processing 5 images (2 cached + rest remote) with 2 workers...
2026-04-04 11:36:40,731 [INFO] Batch 1/1: processing 5 images...
2026-04-04 11:36:40,852 [INFO] HTTP Request: GET https://total.kz/storage/80/803ecf10ae5a819efb95293e25430bfb_resize_w_830_h_465.jpg "HTTP/1.1 200 OK"
2026-04-04 11:36:41,244 [INFO] HTTP Request: GET https://total.kz/storage/89/8907d78026476223d868927fc8e859dd.png "HTTP/1.1 200 OK"
2026-04-04 11:36:42,163 [INFO] HTTP Request: GET https://total.kz/storage/40/4098bc337d1becdc7ae75d589f4c94fd.JPG "HTTP/1.1 404 Not Found"
2026-04-04 11:36:42,170 [INFO]   Batch done: ok=1, failed=3, not_found=1
2026-04-04 11:36:42,170 [INFO]   Running total: ok=1, failed=3, not_found=1
2026-04-04 11:36:42,170 [INFO] Download complete: {'ok': 1, 'failed': 3, 'not_found': 1, 'duplicate': 0, 'skipped': 0}
2026-04-04 11:36:42,170 [INFO] Skipping img_cache migration (--skip-cache-migrate)
2026-04-04 11:36:42,170 [INFO] Rewriting article image URLs to local paths...
2026-04-04 11:36:42,355 [INFO] URL mapping has 86875 entries
2026-04-04 11:36:42,653 [INFO] Rewrote 2 article image URLs to local paths
2026-04-04 11:36:43,350 [INFO] ==================================================
2026-04-04 11:36:43,351 [INFO] MEDIA PIPELINE STATS
2026-04-04 11:36:43,351 [INFO]   Media records by status: {'pending': 2855, 'not_found': 1, 'ok': 86875}
2026-04-04 11:36:43,351 [INFO]   Optimized: 86875
2026-04-04 11:36:43,351 [INFO]   Total local size: 4184.6 MB
2026-04-04 11:36:43,351 [INFO]   Articles with local images: 160808
2026-04-04 11:36:43,351 [INFO]   Articles still pointing to total.kz: 24815
2026-04-04 11:36:43,351 [INFO] ==================================================
2026-04-04 13:14:41,089 [INFO] Ensuring media table columns...
2026-04-04 13:14:41,112 [INFO] Collecting unique image URLs...
2026-04-04 13:14:41,253 [INFO] Found 5 unique storage URLs in articles.main_image
2026-04-04 13:14:42,708 [INFO] Total unique URLs including media table: 86880
2026-04-04 13:14:42,853 [INFO] Already downloaded: 86875, pending: 5
2026-04-04 13:14:42,853 [INFO]   From img_cache (no download): 2
2026-04-04 13:14:42,853 [INFO]   Need download from total.kz: 3
2026-04-04 13:14:42,888 [INFO] Processing 5 images (2 cached + rest remote) with 2 workers...
2026-04-04 13:14:42,888 [INFO] Batch 1/1: processing 5 images...
2026-04-04 13:14:43,186 [INFO] HTTP Request: GET https://total.kz/storage/d7/d7be4c052e6308de2211c11e31a22744.png "HTTP/1.1 200 OK"
2026-04-04 13:14:47,641 [INFO] HTTP Request: GET https://total.kz/storage/40/4098bc337d1becdc7ae75d589f4c94fd.JPG "HTTP/1.1 404 Not Found"
2026-04-04 13:14:47,649 [INFO] HTTP Request: GET https://total.kz/storage/80/803ecf10ae5a819efb95293e25430bfb_resize_w_830_h_465.jpg "HTTP/1.1 200 OK"
2026-04-04 13:14:47,759 [INFO]   Batch done: ok=1, failed=3, not_found=1
2026-04-04 13:14:47,760 [INFO]   Running total: ok=1, failed=3, not_found=1
2026-04-04 13:14:47,760 [INFO] Download complete: {'ok': 1, 'failed': 3, 'not_found': 1, 'duplicate': 0, 'skipped': 0}
2026-04-04 13:14:47,760 [INFO] Skipping img_cache migration (--skip-cache-migrate)
2026-04-04 13:14:47,760 [INFO] Rewriting article image URLs to local paths...
2026-04-04 13:14:47,963 [INFO] URL mapping has 86876 entries
2026-04-04 13:14:48,223 [INFO] Rewrote 1 article image URLs to local paths
2026-04-04 13:14:48,893 [INFO] ==================================================
2026-04-04 13:14:48,893 [INFO] MEDIA PIPELINE STATS
2026-04-04 13:14:48,893 [INFO]   Media records by status: {'pending': 2855, 'not_found': 1, 'ok': 86876}
2026-04-04 13:14:48,893 [INFO]   Optimized: 86876
2026-04-04 13:14:48,893 [INFO]   Total local size: 4184.7 MB
2026-04-04 13:14:48,894 [INFO]   Articles with local images: 160809
2026-04-04 13:14:48,894 [INFO]   Articles still pointing to total.kz: 24815
2026-04-04 13:14:48,894 [INFO] ==================================================
2026-04-04 15:16:16,134 [INFO] Ensuring media table columns...
2026-04-04 15:16:16,173 [INFO] Collecting unique image URLs...
2026-04-04 15:16:16,300 [INFO] Found 5 unique storage URLs in articles.main_image
2026-04-04 15:16:17,739 [INFO] Total unique URLs including media table: 86881
2026-04-04 15:16:17,970 [INFO] Already downloaded: 86876, pending: 5
2026-04-04 15:16:17,971 [INFO]   From img_cache (no download): 2
2026-04-04 15:16:17,971 [INFO]   Need download from total.kz: 3
2026-04-04 15:16:17,999 [INFO] Processing 5 images (2 cached + rest remote) with 2 workers...
2026-04-04 15:16:18,000 [INFO] Batch 1/1: processing 5 images...
2026-04-04 15:16:18,703 [INFO] HTTP Request: GET https://total.kz/storage/40/4098bc337d1becdc7ae75d589f4c94fd.JPG "HTTP/1.1 404 Not Found"
2026-04-04 15:16:19,123 [INFO] HTTP Request: GET https://total.kz/storage/05/059f5e0c8b28849e73e0dce670d42fb1.jpg "HTTP/1.1 200 OK"
2026-04-04 15:16:19,814 [INFO] HTTP Request: GET https://total.kz/storage/80/803ecf10ae5a819efb95293e25430bfb_resize_w_830_h_465.jpg "HTTP/1.1 200 OK"
2026-04-04 15:16:19,926 [INFO]   Batch done: ok=1, failed=3, not_found=1
2026-04-04 15:16:19,926 [INFO]   Running total: ok=1, failed=3, not_found=1
2026-04-04 15:16:19,926 [INFO] Download complete: {'ok': 1, 'failed': 3, 'not_found': 1, 'duplicate': 0, 'skipped': 0}
2026-04-04 15:16:19,926 [INFO] Skipping img_cache migration (--skip-cache-migrate)
2026-04-04 15:16:19,926 [INFO] Rewriting article image URLs to local paths...
2026-04-04 15:16:20,207 [INFO] URL mapping has 86877 entries
2026-04-04 15:16:20,453 [INFO] Rewrote 1 article image URLs to local paths
2026-04-04 15:16:21,273 [INFO] ==================================================
2026-04-04 15:16:21,273 [INFO] MEDIA PIPELINE STATS
2026-04-04 15:16:21,273 [INFO]   Media records by status: {'pending': 2855, 'not_found': 1, 'ok': 86877}
2026-04-04 15:16:21,273 [INFO]   Optimized: 86877
2026-04-04 15:16:21,273 [INFO]   Total local size: 4184.8 MB
2026-04-04 15:16:21,273 [INFO]   Articles with local images: 160810
2026-04-04 15:16:21,273 [INFO]   Articles still pointing to total.kz: 24815
2026-04-04 15:16:21,273 [INFO] ==================================================
2026-04-04 17:16:56,898 [INFO] Ensuring media table columns...
2026-04-04 17:16:56,908 [INFO] Collecting unique image URLs...
2026-04-04 17:16:57,024 [INFO] Found 5 unique storage URLs in articles.main_image
2026-04-04 17:16:57,955 [INFO] Total unique URLs including media table: 86882
2026-04-04 17:16:58,107 [INFO] Already downloaded: 86877, pending: 5
2026-04-04 17:16:58,108 [INFO]   From img_cache (no download): 2
2026-04-04 17:16:58,108 [INFO]   Need download from total.kz: 3
2026-04-04 17:16:58,130 [INFO] Processing 5 images (2 cached + rest remote) with 2 workers...
2026-04-04 17:16:58,130 [INFO] Batch 1/1: processing 5 images...
2026-04-04 17:16:58,376 [INFO] HTTP Request: GET https://total.kz/storage/40/4098bc337d1becdc7ae75d589f4c94fd.JPG "HTTP/1.1 404 Not Found"
2026-04-04 17:16:58,646 [INFO] HTTP Request: GET https://total.kz/storage/4b/4b3f51d5c311f3b5bfc9e00a2669ddaf.jpg "HTTP/1.1 200 OK"
2026-04-04 17:16:59,051 [INFO] HTTP Request: GET https://total.kz/storage/80/803ecf10ae5a819efb95293e25430bfb_resize_w_830_h_465.jpg "HTTP/1.1 200 OK"
2026-04-04 17:16:59,159 [INFO]   Batch done: ok=1, failed=3, not_found=1
2026-04-04 17:16:59,160 [INFO]   Running total: ok=1, failed=3, not_found=1
2026-04-04 17:16:59,160 [INFO] Download complete: {'ok': 1, 'failed': 3, 'not_found': 1, 'duplicate': 0, 'skipped': 0}
2026-04-04 17:16:59,160 [INFO] Skipping img_cache migration (--skip-cache-migrate)
2026-04-04 17:16:59,160 [INFO] Rewriting article image URLs to local paths...
2026-04-04 17:16:59,335 [INFO] URL mapping has 86878 entries
2026-04-04 17:16:59,586 [INFO] Rewrote 1 article image URLs to local paths
2026-04-04 17:17:00,231 [INFO] ==================================================
2026-04-04 17:17:00,231 [INFO] MEDIA PIPELINE STATS
2026-04-04 17:17:00,231 [INFO]   Media records by status: {'pending': 2855, 'not_found': 1, 'ok': 86878}
2026-04-04 17:17:00,231 [INFO]   Optimized: 86878
2026-04-04 17:17:00,231 [INFO]   Total local size: 4184.9 MB
2026-04-04 17:17:00,231 [INFO]   Articles with local images: 160811
2026-04-04 17:17:00,231 [INFO]   Articles still pointing to total.kz: 24815
2026-04-04 17:17:00,232 [INFO] ==================================================
2026-04-04 19:18:26,729 [INFO] Ensuring media table columns...
2026-04-04 19:18:26,761 [INFO] Collecting unique image URLs...
2026-04-04 19:18:26,866 [INFO] Found 4 unique storage URLs in articles.main_image
2026-04-04 19:18:28,071 [INFO] Total unique URLs including media table: 86882
2026-04-04 19:18:28,194 [INFO] Already downloaded: 86878, pending: 4
2026-04-04 19:18:28,195 [INFO]   From img_cache (no download): 3
2026-04-04 19:18:28,195 [INFO]   Need download from total.kz: 1
2026-04-04 19:18:28,220 [INFO] Processing 4 images (3 cached + rest remote) with 2 workers...
2026-04-04 19:18:28,220 [INFO] Batch 1/1: processing 4 images...
2026-04-04 19:18:28,767 [INFO] HTTP Request: GET https://total.kz/storage/40/4098bc337d1becdc7ae75d589f4c94fd.JPG "HTTP/1.1 404 Not Found"
2026-04-04 19:18:28,771 [INFO]   Batch done: ok=0, failed=3, not_found=1
2026-04-04 19:18:28,771 [INFO]   Running total: ok=0, failed=3, not_found=1
2026-04-04 19:18:28,771 [INFO] Download complete: {'ok': 0, 'failed': 3, 'not_found': 1, 'duplicate': 0, 'skipped': 0}
2026-04-04 19:18:28,771 [INFO] Skipping img_cache migration (--skip-cache-migrate)
2026-04-04 19:18:28,771 [INFO] Rewriting article image URLs to local paths...
2026-04-04 19:18:28,947 [INFO] URL mapping has 86878 entries
2026-04-04 19:18:29,212 [INFO] Rewrote 0 article image URLs to local paths
2026-04-04 19:18:29,857 [INFO] ==================================================
2026-04-04 19:18:29,858 [INFO] MEDIA PIPELINE STATS
2026-04-04 19:18:29,858 [INFO]   Media records by status: {'pending': 2855, 'not_found': 1, 'ok': 86878}
2026-04-04 19:18:29,858 [INFO]   Optimized: 86878
2026-04-04 19:18:29,858 [INFO]   Total local size: 4184.9 MB
2026-04-04 19:18:29,858 [INFO]   Articles with local images: 160811
2026-04-04 19:18:29,858 [INFO]   Articles still pointing to total.kz: 24815
2026-04-04 19:18:29,858 [INFO] ==================================================
2026-04-04 21:18:50,623 [INFO] Ensuring media table columns...
2026-04-04 21:18:50,745 [INFO] Collecting unique image URLs...
2026-04-04 21:18:51,031 [INFO] Found 4 unique storage URLs in articles.main_image
2026-04-04 21:18:52,613 [INFO] Total unique URLs including media table: 86882
2026-04-04 21:18:52,779 [INFO] Already downloaded: 86878, pending: 4
2026-04-04 21:18:52,780 [INFO]   From img_cache (no download): 3
2026-04-04 21:18:52,780 [INFO]   Need download from total.kz: 1
2026-04-04 21:18:52,803 [INFO] Processing 4 images (3 cached + rest remote) with 2 workers...
2026-04-04 21:18:52,803 [INFO] Batch 1/1: processing 4 images...
2026-04-04 21:18:53,269 [INFO] HTTP Request: GET https://total.kz/storage/40/4098bc337d1becdc7ae75d589f4c94fd.JPG "HTTP/1.1 404 Not Found"
2026-04-04 21:18:53,281 [INFO]   Batch done: ok=0, failed=3, not_found=1
2026-04-04 21:18:53,281 [INFO]   Running total: ok=0, failed=3, not_found=1
2026-04-04 21:18:53,281 [INFO] Download complete: {'ok': 0, 'failed': 3, 'not_found': 1, 'duplicate': 0, 'skipped': 0}
2026-04-04 21:18:53,281 [INFO] Skipping img_cache migration (--skip-cache-migrate)
2026-04-04 21:18:53,281 [INFO] Rewriting article image URLs to local paths...
2026-04-04 21:18:53,481 [INFO] URL mapping has 86878 entries
2026-04-04 21:18:53,736 [INFO] Rewrote 0 article image URLs to local paths
2026-04-04 21:18:54,643 [INFO] ==================================================
2026-04-04 21:18:54,643 [INFO] MEDIA PIPELINE STATS
2026-04-04 21:18:54,643 [INFO]   Media records by status: {'pending': 2855, 'not_found': 1, 'ok': 86878}
2026-04-04 21:18:54,644 [INFO]   Optimized: 86878
2026-04-04 21:18:54,644 [INFO]   Total local size: 4184.9 MB
2026-04-04 21:18:54,644 [INFO]   Articles with local images: 160811
2026-04-04 21:18:54,644 [INFO]   Articles still pointing to total.kz: 24815
2026-04-04 21:18:54,644 [INFO] ==================================================
2026-04-04 23:19:23,748 [INFO] Ensuring media table columns...
2026-04-04 23:19:23,781 [INFO] Collecting unique image URLs...
2026-04-04 23:19:23,910 [INFO] Found 4 unique storage URLs in articles.main_image
2026-04-04 23:19:25,002 [INFO] Total unique URLs including media table: 86882
2026-04-04 23:19:25,166 [INFO] Already downloaded: 86878, pending: 4
2026-04-04 23:19:25,167 [INFO]   From img_cache (no download): 3
2026-04-04 23:19:25,167 [INFO]   Need download from total.kz: 1
2026-04-04 23:19:25,194 [INFO] Processing 4 images (3 cached + rest remote) with 2 workers...
2026-04-04 23:19:25,194 [INFO] Batch 1/1: processing 4 images...
2026-04-04 23:19:25,625 [INFO] HTTP Request: GET https://total.kz/storage/40/4098bc337d1becdc7ae75d589f4c94fd.JPG "HTTP/1.1 404 Not Found"
2026-04-04 23:19:25,629 [INFO]   Batch done: ok=0, failed=3, not_found=1
2026-04-04 23:19:25,629 [INFO]   Running total: ok=0, failed=3, not_found=1
2026-04-04 23:19:25,629 [INFO] Download complete: {'ok': 0, 'failed': 3, 'not_found': 1, 'duplicate': 0, 'skipped': 0}
2026-04-04 23:19:25,629 [INFO] Skipping img_cache migration (--skip-cache-migrate)
2026-04-04 23:19:25,629 [INFO] Rewriting article image URLs to local paths...
2026-04-04 23:19:25,802 [INFO] URL mapping has 86878 entries
2026-04-04 23:19:26,087 [INFO] Rewrote 0 article image URLs to local paths
2026-04-04 23:19:26,803 [INFO] ==================================================
2026-04-04 23:19:26,803 [INFO] MEDIA PIPELINE STATS
2026-04-04 23:19:26,803 [INFO]   Media records by status: {'pending': 2855, 'not_found': 1, 'ok': 86878}
2026-04-04 23:19:26,803 [INFO]   Optimized: 86878
2026-04-04 23:19:26,803 [INFO]   Total local size: 4184.9 MB
2026-04-04 23:19:26,803 [INFO]   Articles with local images: 160811
2026-04-04 23:19:26,803 [INFO]   Articles still pointing to total.kz: 24815
2026-04-04 23:19:26,803 [INFO] ==================================================
2026-04-05 01:20:23,265 [INFO] Ensuring media table columns...
2026-04-05 01:20:23,298 [INFO] Collecting unique image URLs...
2026-04-05 01:20:23,404 [INFO] Found 4 unique storage URLs in articles.main_image
2026-04-05 01:20:24,307 [INFO] Total unique URLs including media table: 86882
2026-04-05 01:20:24,443 [INFO] Already downloaded: 86878, pending: 4
2026-04-05 01:20:24,444 [INFO]   From img_cache (no download): 3
2026-04-05 01:20:24,444 [INFO]   Need download from total.kz: 1
2026-04-05 01:20:24,470 [INFO] Processing 4 images (3 cached + rest remote) with 2 workers...
2026-04-05 01:20:24,470 [INFO] Batch 1/1: processing 4 images...
2026-04-05 01:20:24,933 [INFO] HTTP Request: GET https://total.kz/storage/40/4098bc337d1becdc7ae75d589f4c94fd.JPG "HTTP/1.1 404 Not Found"
2026-04-05 01:20:24,938 [INFO]   Batch done: ok=0, failed=3, not_found=1
2026-04-05 01:20:24,938 [INFO]   Running total: ok=0, failed=3, not_found=1
2026-04-05 01:20:24,938 [INFO] Download complete: {'ok': 0, 'failed': 3, 'not_found': 1, 'duplicate': 0, 'skipped': 0}
2026-04-05 01:20:24,938 [INFO] Skipping img_cache migration (--skip-cache-migrate)
2026-04-05 01:20:24,939 [INFO] Rewriting article image URLs to local paths...
2026-04-05 01:20:25,134 [INFO] URL mapping has 86878 entries
2026-04-05 01:20:25,423 [INFO] Rewrote 0 article image URLs to local paths
2026-04-05 01:20:26,167 [INFO] ==================================================
2026-04-05 01:20:26,168 [INFO] MEDIA PIPELINE STATS
2026-04-05 01:20:26,168 [INFO]   Media records by status: {'pending': 2855, 'not_found': 1, 'ok': 86878}
2026-04-05 01:20:26,168 [INFO]   Optimized: 86878
2026-04-05 01:20:26,168 [INFO]   Total local size: 4184.9 MB
2026-04-05 01:20:26,168 [INFO]   Articles with local images: 160811
2026-04-05 01:20:26,168 [INFO]   Articles still pointing to total.kz: 24815
2026-04-05 01:20:26,168 [INFO] ==================================================
2026-04-05 03:21:06,878 [INFO] Ensuring media table columns...
2026-04-05 03:21:06,908 [INFO] Collecting unique image URLs...
2026-04-05 03:21:07,063 [INFO] Found 4 unique storage URLs in articles.main_image
2026-04-05 03:21:08,523 [INFO] Total unique URLs including media table: 86882
2026-04-05 03:21:08,661 [INFO] Already downloaded: 86878, pending: 4
2026-04-05 03:21:08,661 [INFO]   From img_cache (no download): 3
2026-04-05 03:21:08,661 [INFO]   Need download from total.kz: 1
2026-04-05 03:21:08,680 [INFO] Processing 4 images (3 cached + rest remote) with 2 workers...
2026-04-05 03:21:08,680 [INFO] Batch 1/1: processing 4 images...
2026-04-05 03:21:09,160 [INFO] HTTP Request: GET https://total.kz/storage/40/4098bc337d1becdc7ae75d589f4c94fd.JPG "HTTP/1.1 404 Not Found"
2026-04-05 03:21:09,164 [INFO]   Batch done: ok=0, failed=3, not_found=1
2026-04-05 03:21:09,165 [INFO]   Running total: ok=0, failed=3, not_found=1
2026-04-05 03:21:09,165 [INFO] Download complete: {'ok': 0, 'failed': 3, 'not_found': 1, 'duplicate': 0, 'skipped': 0}
2026-04-05 03:21:09,165 [INFO] Skipping img_cache migration (--skip-cache-migrate)
2026-04-05 03:21:09,165 [INFO] Rewriting article image URLs to local paths...
2026-04-05 03:21:09,568 [INFO] URL mapping has 86878 entries
2026-04-05 03:21:09,949 [INFO] Rewrote 0 article image URLs to local paths
2026-04-05 03:21:10,758 [INFO] ==================================================
2026-04-05 03:21:10,758 [INFO] MEDIA PIPELINE STATS
2026-04-05 03:21:10,758 [INFO]   Media records by status: {'pending': 2855, 'not_found': 1, 'ok': 86878}
2026-04-05 03:21:10,758 [INFO]   Optimized: 86878
2026-04-05 03:21:10,758 [INFO]   Total local size: 4184.9 MB
2026-04-05 03:21:10,758 [INFO]   Articles with local images: 160811
2026-04-05 03:21:10,758 [INFO]   Articles still pointing to total.kz: 24815
2026-04-05 03:21:10,758 [INFO] ==================================================
2026-04-05 05:21:48,572 [INFO] Ensuring media table columns...
2026-04-05 05:21:48,627 [INFO] Collecting unique image URLs...
2026-04-05 05:21:48,783 [INFO] Found 5 unique storage URLs in articles.main_image
2026-04-05 05:21:50,300 [INFO] Total unique URLs including media table: 86883
2026-04-05 05:21:50,481 [INFO] Already downloaded: 86878, pending: 5
2026-04-05 05:21:50,481 [INFO]   From img_cache (no download): 3
2026-04-05 05:21:50,481 [INFO]   Need download from total.kz: 2
2026-04-05 05:21:50,499 [INFO] Processing 5 images (3 cached + rest remote) with 2 workers...
2026-04-05 05:21:50,500 [INFO] Batch 1/1: processing 5 images...
2026-04-05 05:21:50,992 [INFO] HTTP Request: GET https://total.kz/storage/40/4098bc337d1becdc7ae75d589f4c94fd.JPG "HTTP/1.1 404 Not Found"
2026-04-05 05:21:51,270 [INFO] HTTP Request: GET https://total.kz/storage/b8/b838d5ca64e5582335f9f6641874ae6a.png "HTTP/1.1 200 OK"
2026-04-05 05:21:52,034 [INFO]   Batch done: ok=1, failed=3, not_found=1
2026-04-05 05:21:52,034 [INFO]   Running total: ok=1, failed=3, not_found=1
2026-04-05 05:21:52,035 [INFO] Download complete: {'ok': 1, 'failed': 3, 'not_found': 1, 'duplicate': 0, 'skipped': 0}
2026-04-05 05:21:52,035 [INFO] Skipping img_cache migration (--skip-cache-migrate)
2026-04-05 05:21:52,035 [INFO] Rewriting article image URLs to local paths...
2026-04-05 05:21:52,299 [INFO] URL mapping has 86879 entries
2026-04-05 05:21:52,633 [INFO] Rewrote 1 article image URLs to local paths
2026-04-05 05:21:53,468 [INFO] ==================================================
2026-04-05 05:21:53,468 [INFO] MEDIA PIPELINE STATS
2026-04-05 05:21:53,468 [INFO]   Media records by status: {'pending': 2855, 'not_found': 1, 'ok': 86879}
2026-04-05 05:21:53,468 [INFO]   Optimized: 86879
2026-04-05 05:21:53,468 [INFO]   Total local size: 4184.9 MB
2026-04-05 05:21:53,468 [INFO]   Articles with local images: 160812
2026-04-05 05:21:53,468 [INFO]   Articles still pointing to total.kz: 24815
2026-04-05 05:21:53,468 [INFO] ==================================================
2026-04-05 06:31:10,434 [INFO] Ensuring media table columns...
2026-04-05 06:31:10,490 [INFO] Collecting unique image URLs...
2026-04-05 06:31:10,715 [INFO] Found 4 unique storage URLs in articles.main_image
2026-04-05 06:31:12,727 [INFO] Total unique URLs including media table: 86883
2026-04-05 06:31:12,886 [INFO] Already downloaded: 86879, pending: 4
2026-04-05 06:31:12,898 [INFO]   From img_cache (no download): 3
2026-04-05 06:31:12,898 [INFO]   Need download from total.kz: 1
2026-04-05 06:31:12,914 [INFO] Processing 4 images (3 cached + rest remote) with 2 workers...
2026-04-05 06:31:12,915 [INFO] Batch 1/1: processing 4 images...
2026-04-05 06:31:13,560 [INFO] HTTP Request: GET https://total.kz/storage/40/4098bc337d1becdc7ae75d589f4c94fd.JPG "HTTP/1.1 404 Not Found"
2026-04-05 06:31:13,591 [INFO]   Batch done: ok=0, failed=3, not_found=1
2026-04-05 06:31:13,591 [INFO]   Running total: ok=0, failed=3, not_found=1
2026-04-05 06:31:13,591 [INFO] Download complete: {'ok': 0, 'failed': 3, 'not_found': 1, 'duplicate': 0, 'skipped': 0}
2026-04-05 06:31:13,591 [INFO] Skipping img_cache migration (--skip-cache-migrate)
2026-04-05 06:31:13,591 [INFO] Rewriting article image URLs to local paths...
2026-04-05 06:31:13,993 [INFO] URL mapping has 86879 entries
2026-04-05 06:31:14,250 [INFO] Rewrote 0 article image URLs to local paths
2026-04-05 06:31:14,915 [INFO] ==================================================
2026-04-05 06:31:14,916 [INFO] MEDIA PIPELINE STATS
2026-04-05 06:31:14,916 [INFO]   Media records by status: {'pending': 2855, 'not_found': 1, 'ok': 86879}
2026-04-05 06:31:14,916 [INFO]   Optimized: 86879
2026-04-05 06:31:14,916 [INFO]   Total local size: 4184.9 MB
2026-04-05 06:31:14,916 [INFO]   Articles with local images: 160812
2026-04-05 06:31:14,916 [INFO]   Articles still pointing to total.kz: 24815
2026-04-05 06:31:14,916 [INFO] ==================================================
2026-04-05 08:31:46,760 [INFO] Ensuring media table columns...
2026-04-05 08:31:46,769 [INFO] Collecting unique image URLs...
2026-04-05 08:31:46,869 [INFO] Found 5 unique storage URLs in articles.main_image
2026-04-05 08:31:47,714 [INFO] Total unique URLs including media table: 86884
2026-04-05 08:31:47,828 [INFO] Already downloaded: 86879, pending: 5
2026-04-05 08:31:47,829 [INFO]   From img_cache (no download): 3
2026-04-05 08:31:47,829 [INFO]   Need download from total.kz: 2
2026-04-05 08:31:47,848 [INFO] Processing 5 images (3 cached + rest remote) with 2 workers...
2026-04-05 08:31:47,848 [INFO] Batch 1/1: processing 5 images...
2026-04-05 08:31:48,279 [INFO] HTTP Request: GET https://total.kz/storage/40/4098bc337d1becdc7ae75d589f4c94fd.JPG "HTTP/1.1 404 Not Found"
2026-04-05 08:31:48,856 [INFO] HTTP Request: GET https://total.kz/storage/40/40f427542408d3058f0b7deaf492fdcc.jpg "HTTP/1.1 200 OK"
2026-04-05 08:31:49,799 [INFO]   Batch done: ok=1, failed=3, not_found=1
2026-04-05 08:31:49,799 [INFO]   Running total: ok=1, failed=3, not_found=1
2026-04-05 08:31:49,799 [INFO] Download complete: {'ok': 1, 'failed': 3, 'not_found': 1, 'duplicate': 0, 'skipped': 0}
2026-04-05 08:31:49,799 [INFO] Skipping img_cache migration (--skip-cache-migrate)
2026-04-05 08:31:49,799 [INFO] Rewriting article image URLs to local paths...
2026-04-05 08:31:49,967 [INFO] URL mapping has 86880 entries
2026-04-05 08:31:50,234 [INFO] Rewrote 1 article image URLs to local paths
2026-04-05 08:31:50,854 [INFO] ==================================================
2026-04-05 08:31:50,854 [INFO] MEDIA PIPELINE STATS
2026-04-05 08:31:50,855 [INFO]   Media records by status: {'pending': 2855, 'not_found': 1, 'ok': 86880}
2026-04-05 08:31:50,855 [INFO]   Optimized: 86880
2026-04-05 08:31:50,855 [INFO]   Total local size: 4185.0 MB
2026-04-05 08:31:50,855 [INFO]   Articles with local images: 160813
2026-04-05 08:31:50,855 [INFO]   Articles still pointing to total.kz: 24815
2026-04-05 08:31:50,855 [INFO] ==================================================
2026-04-05 10:32:33,551 [INFO] Ensuring media table columns...
2026-04-05 10:32:33,581 [INFO] Collecting unique image URLs...
2026-04-05 10:32:33,769 [INFO] Found 6 unique storage URLs in articles.main_image
2026-04-05 10:32:34,696 [INFO] Total unique URLs including media table: 86886
2026-04-05 10:32:34,840 [INFO] Already downloaded: 86880, pending: 6
2026-04-05 10:32:34,841 [INFO]   From img_cache (no download): 3
2026-04-05 10:32:34,841 [INFO]   Need download from total.kz: 3
2026-04-05 10:32:34,861 [INFO] Processing 6 images (3 cached + rest remote) with 2 workers...
2026-04-05 10:32:34,861 [INFO] Batch 1/1: processing 6 images...
2026-04-05 10:32:35,314 [INFO] HTTP Request: GET https://total.kz/storage/40/4098bc337d1becdc7ae75d589f4c94fd.JPG "HTTP/1.1 404 Not Found"
2026-04-05 10:32:35,685 [INFO] HTTP Request: GET https://total.kz/storage/92/924135c86467df482b75a5bfdfdafd89.jpg "HTTP/1.1 200 OK"
2026-04-05 10:32:36,961 [INFO] HTTP Request: GET https://total.kz/storage/18/18ec0e6ba01d846085ca6ff51d8c103d.jpg "HTTP/1.1 200 OK"
2026-04-05 10:32:37,485 [INFO]   Batch done: ok=2, failed=3, not_found=1
2026-04-05 10:32:37,485 [INFO]   Running total: ok=2, failed=3, not_found=1
2026-04-05 10:32:37,485 [INFO] Download complete: {'ok': 2, 'failed': 3, 'not_found': 1, 'duplicate': 0, 'skipped': 0}
2026-04-05 10:32:37,485 [INFO] Skipping img_cache migration (--skip-cache-migrate)
2026-04-05 10:32:37,485 [INFO] Rewriting article image URLs to local paths...
2026-04-05 10:32:37,664 [INFO] URL mapping has 86882 entries
2026-04-05 10:32:37,891 [INFO] Rewrote 2 article image URLs to local paths
2026-04-05 10:32:38,573 [INFO] ==================================================
2026-04-05 10:32:38,573 [INFO] MEDIA PIPELINE STATS
2026-04-05 10:32:38,573 [INFO]   Media records by status: {'pending': 2855, 'not_found': 1, 'ok': 86882}
2026-04-05 10:32:38,573 [INFO]   Optimized: 86882
2026-04-05 10:32:38,573 [INFO]   Total local size: 4185.1 MB
2026-04-05 10:32:38,573 [INFO]   Articles with local images: 160815
2026-04-05 10:32:38,573 [INFO]   Articles still pointing to total.kz: 24815
2026-04-05 10:32:38,573 [INFO] ==================================================
