
═══ Денормализация тегов из article_enrichments ═══
  Уже в article_tags: 146611 статей
  Статей для обработки: 0
  Готово: 0 тегов добавлено

═══ NER-извлечение сущностей (1 workers) ═══
  Статей для обработки: 1

═══ Денормализация тегов из article_enrichments ═══
  Уже в article_tags: 146611 статей
  Статей для обработки: 0
  Готово: 0 тегов добавлено

═══ NER-извлечение сущностей (1 workers) ═══
  Статей для обработки: 1
  [1/1] 100.0% | связей: 13 | ошибок: 0 | 1 ст/сек | 2с
  [1/1] 100.0% | связей: 13 | ошибок: 0 | 1 ст/сек | 2с
  Обновляем mention_count в entities...

  Готово: 13 связей, 0 ошибок, 16с

============================================================
  ГОТОВО: 0 тегов, 13 NER-связей
============================================================
  Обновляем mention_count в entities...

  Готово: 13 связей, 0 ошибок, 33с

============================================================
  ГОТОВО: 0 тегов, 13 NER-связей
============================================================
