[2026-03-21 15:15:37] START: 16281 articles to process
[2026-03-21 15:18:00] PROGRESS: 100/16281 (0.7 art/s, ETA 387m) | stories: 602 | low: 9
[2026-03-21 15:20:31] PROGRESS: 200/16281 (0.7 art/s, ETA 393m) | stories: 719 | low: 19
[2026-03-21 15:22:45] PROGRESS: 300/16281 (0.7 art/s, ETA 380m) | stories: 836 | low: 29
[2026-03-21 15:24:48] PROGRESS: 400/16281 (0.7 art/s, ETA 364m) | stories: 954 | low: 37
[2026-03-21 15:26:45] PROGRESS: 500/16281 (0.7 art/s, ETA 351m) | stories: 1068 | low: 47
[2026-03-21 15:26:45] Updating story stats...
[2026-03-21 15:28:37] PROGRESS: 600/16281 (0.8 art/s, ETA 340m) | stories: 1193 | low: 53
[2026-03-21 15:30:37] PROGRESS: 700/16281 (0.8 art/s, ETA 334m) | stories: 1307 | low: 63
[2026-03-21 15:32:41] PROGRESS: 800/16281 (0.8 art/s, ETA 330m) | stories: 1428 | low: 70
[2026-03-21 15:34:47] PROGRESS: 900/16281 (0.8 art/s, ETA 328m) | stories: 1548 | low: 78
[2026-03-21 15:36:53] PROGRESS: 1000/16281 (0.8 art/s, ETA 325m) | stories: 1662 | low: 85
[2026-03-21 15:36:53] Updating story stats...
[2026-03-21 15:39:06] PROGRESS: 1100/16281 (0.8 art/s, ETA 324m) | stories: 1776 | low: 92
[2026-03-21 15:41:44] PROGRESS: 1200/16281 (0.8 art/s, ETA 328m) | stories: 1900 | low: 101
[2026-03-21 15:44:20] PROGRESS: 1300/16281 (0.8 art/s, ETA 331m) | stories: 2015 | low: 107
[2026-03-21 15:46:45] PROGRESS: 1400/16281 (0.7 art/s, ETA 331m) | stories: 2132 | low: 120
[2026-03-21 15:49:01] PROGRESS: 1500/16281 (0.7 art/s, ETA 329m) | stories: 2244 | low: 131
[2026-03-21 15:49:01] Updating story stats...
[2026-03-21 15:51:23] PROGRESS: 1600/16281 (0.7 art/s, ETA 328m) | stories: 2352 | low: 142
[2026-03-21 15:53:45] PROGRESS: 1700/16281 (0.7 art/s, ETA 327m) | stories: 2478 | low: 151
[2026-03-21 15:55:58] PROGRESS: 1800/16281 (0.7 art/s, ETA 325m) | stories: 2595 | low: 162
[2026-03-21 15:58:29] PROGRESS: 1900/16281 (0.7 art/s, ETA 324m) | stories: 2707 | low: 170
[2026-03-21 16:00:55] PROGRESS: 2000/16281 (0.7 art/s, ETA 324m) | stories: 2826 | low: 181
[2026-03-21 16:00:55] Updating story stats...
[2026-03-21 16:03:16] PROGRESS: 2100/16281 (0.7 art/s, ETA 322m) | stories: 2933 | low: 193
[2026-03-21 16:05:19] PROGRESS: 2200/16281 (0.7 art/s, ETA 318m) | stories: 3061 | low: 201
[2026-03-21 16:07:20] PROGRESS: 2300/16281 (0.7 art/s, ETA 314m) | stories: 3175 | low: 212
[2026-03-21 16:09:10] PROGRESS: 2400/16281 (0.7 art/s, ETA 310m) | stories: 3295 | low: 222
[2026-03-21 16:10:52] PROGRESS: 2500/16281 (0.8 art/s, ETA 305m) | stories: 3406 | low: 230
[2026-03-21 16:10:52] Updating story stats...
[2026-03-21 16:12:41] PROGRESS: 2600/16281 (0.8 art/s, ETA 300m) | stories: 3516 | low: 242
[2026-03-21 16:14:25] PROGRESS: 2700/16281 (0.8 art/s, ETA 296m) | stories: 3636 | low: 252
[2026-03-21 16:16:09] PROGRESS: 2800/16281 (0.8 art/s, ETA 291m) | stories: 3752 | low: 264
[2026-03-21 16:17:55] PROGRESS: 2900/16281 (0.8 art/s, ETA 287m) | stories: 3857 | low: 276
[2026-03-21 16:19:43] PROGRESS: 3000/16281 (0.8 art/s, ETA 284m) | stories: 3976 | low: 287
[2026-03-21 16:19:43] Updating story stats...
[2026-03-21 16:21:37] PROGRESS: 3100/16281 (0.8 art/s, ETA 281m) | stories: 4093 | low: 295
[2026-03-21 16:23:28] PROGRESS: 3200/16281 (0.8 art/s, ETA 277m) | stories: 4217 | low: 308
[2026-03-21 16:25:19] PROGRESS: 3300/16281 (0.8 art/s, ETA 274m) | stories: 4332 | low: 320
[2026-03-21 16:27:09] PROGRESS: 3400/16281 (0.8 art/s, ETA 271m) | stories: 4448 | low: 329
[2026-03-21 16:29:07] PROGRESS: 3500/16281 (0.8 art/s, ETA 268m) | stories: 4564 | low: 338
[2026-03-21 16:29:07] Updating story stats...
[2026-03-21 16:31:13] PROGRESS: 3600/16281 (0.8 art/s, ETA 266m) | stories: 4682 | low: 346
[2026-03-21 16:33:21] PROGRESS: 3700/16281 (0.8 art/s, ETA 264m) | stories: 4797 | low: 354
[2026-03-21 16:35:25] PROGRESS: 3800/16281 (0.8 art/s, ETA 262m) | stories: 4909 | low: 363
[2026-03-21 16:37:41] PROGRESS: 3900/16281 (0.8 art/s, ETA 261m) | stories: 5028 | low: 374
[2026-03-21 16:39:40] PROGRESS: 4000/16281 (0.8 art/s, ETA 258m) | stories: 5139 | low: 384
[2026-03-21 16:39:40] Updating story stats...
[2026-03-21 16:41:45] PROGRESS: 4100/16281 (0.8 art/s, ETA 256m) | stories: 5253 | low: 392
[2026-03-21 16:43:53] PROGRESS: 4200/16281 (0.8 art/s, ETA 254m) | stories: 5376 | low: 403
[2026-03-21 16:45:58] PROGRESS: 4300/16281 (0.8 art/s, ETA 252m) | stories: 5491 | low: 413
[2026-03-21 16:48:07] PROGRESS: 4400/16281 (0.8 art/s, ETA 250m) | stories: 5612 | low: 425
[2026-03-21 16:50:17] PROGRESS: 4500/16281 (0.8 art/s, ETA 248m) | stories: 5727 | low: 435
[2026-03-21 16:50:17] Updating story stats...
[2026-03-21 16:52:27] PROGRESS: 4600/16281 (0.8 art/s, ETA 246m) | stories: 5835 | low: 443
[2026-03-21 16:54:33] PROGRESS: 4700/16281 (0.8 art/s, ETA 244m) | stories: 5949 | low: 453
[2026-03-21 16:56:47] PROGRESS: 4800/16281 (0.8 art/s, ETA 242m) | stories: 6073 | low: 461
[2026-03-21 16:58:59] PROGRESS: 4900/16281 (0.8 art/s, ETA 240m) | stories: 6189 | low: 468
[2026-03-21 17:01:21] PROGRESS: 5000/16281 (0.8 art/s, ETA 239m) | stories: 6310 | low: 477
[2026-03-21 17:01:21] Updating story stats...
[2026-03-21 17:04:17] PROGRESS: 5100/16281 (0.8 art/s, ETA 238m) | stories: 6434 | low: 487
[2026-03-21 17:17:38] PROGRESS: 5200/16281 (0.7 art/s, ETA 260m) | stories: 6552 | low: 497
[2026-03-21 17:19:35] PROGRESS: 5300/16281 (0.7 art/s, ETA 257m) | stories: 6671 | low: 504
[2026-03-21 17:21:33] PROGRESS: 5400/16281 (0.7 art/s, ETA 254m) | stories: 6784 | low: 511
[2026-03-21 17:23:29] PROGRESS: 5500/16281 (0.7 art/s, ETA 251m) | stories: 6901 | low: 521
[2026-03-21 17:23:29] Updating story stats...
[2026-03-21 17:25:30] PROGRESS: 5600/16281 (0.7 art/s, ETA 248m) | stories: 7029 | low: 522
[2026-03-21 17:27:34] PROGRESS: 5700/16281 (0.7 art/s, ETA 245m) | stories: 7153 | low: 524
[2026-03-21 17:29:42] PROGRESS: 5800/16281 (0.7 art/s, ETA 242m) | stories: 7275 | low: 535
[2026-03-21 17:31:51] PROGRESS: 5900/16281 (0.7 art/s, ETA 240m) | stories: 7394 | low: 543
[2026-03-21 17:33:54] PROGRESS: 6000/16281 (0.7 art/s, ETA 237m) | stories: 7502 | low: 550
[2026-03-21 17:33:54] Updating story stats...
[2026-03-21 17:36:08] PROGRESS: 6100/16281 (0.7 art/s, ETA 235m) | stories: 7620 | low: 557
[2026-03-21 17:38:27] PROGRESS: 6200/16281 (0.7 art/s, ETA 232m) | stories: 7750 | low: 564
[2026-03-21 17:40:42] PROGRESS: 6300/16281 (0.7 art/s, ETA 230m) | stories: 7868 | low: 569
[2026-03-21 17:42:56] PROGRESS: 6400/16281 (0.7 art/s, ETA 227m) | stories: 7984 | low: 578
[2026-03-21 17:45:33] PROGRESS: 6500/16281 (0.7 art/s, ETA 226m) | stories: 8095 | low: 587
[2026-03-21 17:45:33] Updating story stats...
[2026-03-21 18:17:57] PROGRESS: 6600/16281 (0.6 art/s, ETA 267m) | stories: 8215 | low: 596
[2026-03-21 18:20:12] PROGRESS: 6700/16281 (0.6 art/s, ETA 264m) | stories: 8333 | low: 604
[2026-03-21 18:22:18] PROGRESS: 6800/16281 (0.6 art/s, ETA 260m) | stories: 8441 | low: 611
[2026-03-21 18:24:10] PROGRESS: 6900/16281 (0.6 art/s, ETA 256m) | stories: 8551 | low: 618
[2026-03-21 18:26:05] PROGRESS: 7000/16281 (0.6 art/s, ETA 253m) | stories: 8673 | low: 624
[2026-03-21 18:26:05] Updating story stats...
[2026-03-21 18:28:01] PROGRESS: 7100/16281 (0.6 art/s, ETA 249m) | stories: 8797 | low: 632
[2026-03-21 18:29:55] PROGRESS: 7200/16281 (0.6 art/s, ETA 245m) | stories: 8928 | low: 638
[2026-03-21 18:31:58] PROGRESS: 7300/16281 (0.6 art/s, ETA 242m) | stories: 9045 | low: 647
[2026-03-21 18:34:03] PROGRESS: 7400/16281 (0.6 art/s, ETA 238m) | stories: 9163 | low: 653
[2026-03-21 18:36:05] PROGRESS: 7500/16281 (0.6 art/s, ETA 235m) | stories: 9283 | low: 659
[2026-03-21 18:36:05] Updating story stats...
[2026-03-21 18:38:11] PROGRESS: 7600/16281 (0.6 art/s, ETA 231m) | stories: 9398 | low: 668
[2026-03-21 18:40:14] PROGRESS: 7700/16281 (0.6 art/s, ETA 228m) | stories: 9516 | low: 677
[2026-03-21 18:42:17] PROGRESS: 7800/16281 (0.6 art/s, ETA 225m) | stories: 9639 | low: 684
[2026-03-21 18:44:23] PROGRESS: 7900/16281 (0.6 art/s, ETA 221m) | stories: 9761 | low: 691
[2026-03-21 18:46:33] PROGRESS: 8000/16281 (0.6 art/s, ETA 218m) | stories: 9872 | low: 704
[2026-03-21 18:46:33] Updating story stats...
[2026-03-21 18:48:39] PROGRESS: 8100/16281 (0.6 art/s, ETA 215m) | stories: 9976 | low: 713
[2026-03-21 18:50:50] PROGRESS: 8200/16281 (0.6 art/s, ETA 212m) | stories: 10100 | low: 721
[2026-03-21 18:53:08] PROGRESS: 8300/16281 (0.6 art/s, ETA 209m) | stories: 10221 | low: 729
[2026-03-21 18:55:21] PROGRESS: 8400/16281 (0.6 art/s, ETA 206m) | stories: 10355 | low: 734
[2026-03-21 18:57:29] PROGRESS: 8500/16281 (0.6 art/s, ETA 203m) | stories: 10486 | low: 738
[2026-03-21 18:57:29] Updating story stats...
[2026-03-21 18:59:31] PROGRESS: 8600/16281 (0.6 art/s, ETA 200m) | stories: 10590 | low: 749
[2026-03-21 19:01:54] PROGRESS: 8700/16281 (0.6 art/s, ETA 197m) | stories: 10693 | low: 757
[2026-03-21 19:04:06] PROGRESS: 8800/16281 (0.6 art/s, ETA 194m) | stories: 10802 | low: 765
[2026-03-21 19:06:21] PROGRESS: 8900/16281 (0.6 art/s, ETA 191m) | stories: 10923 | low: 771
[2026-03-21 19:22:23] PROGRESS: 9000/16281 (0.6 art/s, ETA 200m) | stories: 11040 | low: 782
[2026-03-21 19:22:23] Updating story stats...
[2026-03-21 19:24:41] PROGRESS: 9100/16281 (0.6 art/s, ETA 197m) | stories: 11159 | low: 788
[2026-03-21 19:26:48] PROGRESS: 9200/16281 (0.6 art/s, ETA 193m) | stories: 11278 | low: 795
[2026-03-21 19:28:59] PROGRESS: 9300/16281 (0.6 art/s, ETA 190m) | stories: 11401 | low: 802
[2026-03-21 19:31:15] PROGRESS: 9400/16281 (0.6 art/s, ETA 187m) | stories: 11519 | low: 813
[2026-03-21 19:33:29] PROGRESS: 9500/16281 (0.6 art/s, ETA 184m) | stories: 11630 | low: 816
[2026-03-21 19:33:29] Updating story stats...
[2026-03-21 19:35:39] PROGRESS: 9600/16281 (0.6 art/s, ETA 181m) | stories: 11757 | low: 820
[2026-03-21 19:37:45] PROGRESS: 9700/16281 (0.6 art/s, ETA 178m) | stories: 11879 | low: 829
[2026-03-21 19:39:52] PROGRESS: 9800/16281 (0.6 art/s, ETA 175m) | stories: 11989 | low: 839
[2026-03-21 19:41:59] PROGRESS: 9900/16281 (0.6 art/s, ETA 172m) | stories: 12103 | low: 847
[2026-03-21 19:44:00] PROGRESS: 10000/16281 (0.6 art/s, ETA 169m) | stories: 12225 | low: 854
[2026-03-21 19:44:00] Updating story stats...
[2026-03-21 19:46:09] PROGRESS: 10100/16281 (0.6 art/s, ETA 166m) | stories: 12347 | low: 861
[2026-03-21 19:48:25] PROGRESS: 10200/16281 (0.6 art/s, ETA 163m) | stories: 12465 | low: 871
[2026-03-21 19:50:29] PROGRESS: 10300/16281 (0.6 art/s, ETA 160m) | stories: 12581 | low: 880
[2026-03-21 19:52:35] PROGRESS: 10400/16281 (0.6 art/s, ETA 157m) | stories: 12707 | low: 889
[2026-03-21 19:54:37] PROGRESS: 10500/16281 (0.6 art/s, ETA 154m) | stories: 12819 | low: 895
[2026-03-21 19:54:37] Updating story stats...
[2026-03-21 19:56:41] PROGRESS: 10600/16281 (0.6 art/s, ETA 151m) | stories: 12940 | low: 904
[2026-03-21 19:59:00] PROGRESS: 10700/16281 (0.6 art/s, ETA 148m) | stories: 13056 | low: 913
[2026-03-21 20:01:25] PROGRESS: 10800/16281 (0.6 art/s, ETA 145m) | stories: 13172 | low: 922
[2026-03-21 20:03:48] PROGRESS: 10900/16281 (0.6 art/s, ETA 142m) | stories: 13291 | low: 931
[2026-03-21 20:06:04] PROGRESS: 11000/16281 (0.6 art/s, ETA 139m) | stories: 13414 | low: 938
[2026-03-21 20:06:04] Updating story stats...
[2026-03-21 20:08:13] PROGRESS: 11100/16281 (0.6 art/s, ETA 137m) | stories: 13509 | low: 945
[2026-03-21 20:10:11] PROGRESS: 11200/16281 (0.6 art/s, ETA 134m) | stories: 13601 | low: 951
[2026-03-21 20:12:15] PROGRESS: 11300/16281 (0.6 art/s, ETA 131m) | stories: 13688 | low: 958
[2026-03-21 20:14:11] PROGRESS: 11400/16281 (0.6 art/s, ETA 128m) | stories: 13781 | low: 965
[2026-03-21 20:16:05] PROGRESS: 11500/16281 (0.6 art/s, ETA 125m) | stories: 13870 | low: 975
[2026-03-21 20:16:05] Updating story stats...
[2026-03-21 20:17:59] PROGRESS: 11600/16281 (0.6 art/s, ETA 122m) | stories: 13961 | low: 982
[2026-03-21 20:19:52] PROGRESS: 11700/16281 (0.6 art/s, ETA 119m) | stories: 14052 | low: 988
[2026-03-21 20:21:53] PROGRESS: 11800/16281 (0.6 art/s, ETA 116m) | stories: 14140 | low: 995
[2026-03-21 20:23:55] PROGRESS: 11900/16281 (0.6 art/s, ETA 113m) | stories: 14229 | low: 1002
[2026-03-21 20:25:59] PROGRESS: 12000/16281 (0.6 art/s, ETA 111m) | stories: 14311 | low: 1011
[2026-03-21 20:25:59] Updating story stats...
[2026-03-21 20:28:09] PROGRESS: 12100/16281 (0.6 art/s, ETA 108m) | stories: 14403 | low: 1018
[2026-03-21 20:30:10] PROGRESS: 12200/16281 (0.6 art/s, ETA 105m) | stories: 14494 | low: 1025
[2026-03-21 20:32:18] PROGRESS: 12300/16281 (0.6 art/s, ETA 102m) | stories: 14580 | low: 1033
[2026-03-21 20:34:36] PROGRESS: 12400/16281 (0.6 art/s, ETA 100m) | stories: 14667 | low: 1041
[2026-03-21 20:36:47] PROGRESS: 12500/16281 (0.6 art/s, ETA 97m) | stories: 14754 | low: 1049
[2026-03-21 20:36:47] Updating story stats...
[2026-03-21 21:06:43] PROGRESS: 12600/16281 (0.6 art/s, ETA 103m) | stories: 14840 | low: 1059
[2026-03-21 21:08:55] PROGRESS: 12700/16281 (0.6 art/s, ETA 100m) | stories: 14930 | low: 1067
[2026-03-21 21:11:06] PROGRESS: 12800/16281 (0.6 art/s, ETA 97m) | stories: 15020 | low: 1075
[2026-03-21 21:13:14] PROGRESS: 12900/16281 (0.6 art/s, ETA 94m) | stories: 15110 | low: 1085
[2026-03-21 21:15:33] PROGRESS: 13000/16281 (0.6 art/s, ETA 91m) | stories: 15199 | low: 1092
[2026-03-21 21:15:33] Updating story stats...
[2026-03-21 21:18:05] PROGRESS: 13100/16281 (0.6 art/s, ETA 88m) | stories: 15291 | low: 1099
[2026-03-21 21:20:28] PROGRESS: 13200/16281 (0.6 art/s, ETA 85m) | stories: 15382 | low: 1107
[2026-03-21 21:22:48] PROGRESS: 13300/16281 (0.6 art/s, ETA 82m) | stories: 15474 | low: 1111
[2026-03-21 21:25:05] PROGRESS: 13400/16281 (0.6 art/s, ETA 79m) | stories: 15566 | low: 1115
[2026-03-21 21:27:03] PROGRESS: 13500/16281 (0.6 art/s, ETA 77m) | stories: 15655 | low: 1122
[2026-03-21 21:27:03] Updating story stats...
[2026-03-21 21:28:50] PROGRESS: 13600/16281 (0.6 art/s, ETA 74m) | stories: 15746 | low: 1129
[2026-03-21 21:30:41] PROGRESS: 13700/16281 (0.6 art/s, ETA 71m) | stories: 15834 | low: 1136
[2026-03-21 21:32:33] PROGRESS: 13800/16281 (0.6 art/s, ETA 68m) | stories: 15922 | low: 1143
[2026-03-21 21:34:30] PROGRESS: 13900/16281 (0.6 art/s, ETA 65m) | stories: 16009 | low: 1152
[2026-03-21 21:36:33] PROGRESS: 14000/16281 (0.6 art/s, ETA 62m) | stories: 16097 | low: 1158
[2026-03-21 21:36:33] Updating story stats...
[2026-03-21 21:38:46] PROGRESS: 14100/16281 (0.6 art/s, ETA 59m) | stories: 16189 | low: 1164
[2026-03-21 21:40:53] PROGRESS: 14200/16281 (0.6 art/s, ETA 56m) | stories: 16281 | low: 1171
[2026-03-21 21:43:01] PROGRESS: 14300/16281 (0.6 art/s, ETA 54m) | stories: 16369 | low: 1178
[2026-03-21 21:45:08] PROGRESS: 14400/16281 (0.6 art/s, ETA 51m) | stories: 16461 | low: 1183
[2026-03-21 21:47:14] PROGRESS: 14500/16281 (0.6 art/s, ETA 48m) | stories: 16548 | low: 1193
[2026-03-21 21:47:14] Updating story stats...
[2026-03-21 21:49:19] PROGRESS: 14600/16281 (0.6 art/s, ETA 45m) | stories: 16640 | low: 1199
[2026-03-21 21:51:21] PROGRESS: 14700/16281 (0.6 art/s, ETA 43m) | stories: 16729 | low: 1207
[2026-03-21 22:03:31] PROGRESS: 14800/16281 (0.6 art/s, ETA 41m) | stories: 16821 | low: 1213
[2026-03-21 22:05:45] PROGRESS: 14900/16281 (0.6 art/s, ETA 38m) | stories: 16910 | low: 1221
[2026-03-21 22:07:49] PROGRESS: 15000/16281 (0.6 art/s, ETA 35m) | stories: 16998 | low: 1227
[2026-03-21 22:07:49] Updating story stats...
[2026-03-21 22:09:44] PROGRESS: 15100/16281 (0.6 art/s, ETA 32m) | stories: 17085 | low: 1235
[2026-03-21 22:11:40] PROGRESS: 15200/16281 (0.6 art/s, ETA 30m) | stories: 17173 | low: 1245
[2026-03-21 22:13:45] PROGRESS: 15300/16281 (0.6 art/s, ETA 27m) | stories: 17263 | low: 1253
[2026-03-21 22:15:42] PROGRESS: 15400/16281 (0.6 art/s, ETA 24m) | stories: 17343 | low: 1262
[2026-03-21 22:17:50] PROGRESS: 15500/16281 (0.6 art/s, ETA 21m) | stories: 17433 | low: 1269
[2026-03-21 22:17:50] Updating story stats...
[2026-03-21 22:19:51] PROGRESS: 15600/16281 (0.6 art/s, ETA 19m) | stories: 17519 | low: 1279
[2026-03-21 22:21:50] PROGRESS: 15700/16281 (0.6 art/s, ETA 16m) | stories: 17607 | low: 1287
[2026-03-21 22:23:51] PROGRESS: 15800/16281 (0.6 art/s, ETA 13m) | stories: 17697 | low: 1294
[2026-03-21 22:25:58] PROGRESS: 15900/16281 (0.6 art/s, ETA 10m) | stories: 17782 | low: 1302
[2026-03-21 22:27:54] PROGRESS: 16000/16281 (0.6 art/s, ETA 8m) | stories: 17869 | low: 1308
[2026-03-21 22:27:54] Updating story stats...
[2026-03-21 22:29:49] PROGRESS: 16100/16281 (0.6 art/s, ETA 5m) | stories: 17962 | low: 1312
[2026-03-21 22:31:40] PROGRESS: 16200/16281 (0.6 art/s, ETA 2m) | stories: 18057 | low: 1316
[2026-03-21 22:33:18] PROGRESS: 16281/16281 (0.6 art/s, ETA 0m) | stories: 18134 | low: 1319
[2026-03-21 22:33:18] Final stats update...
[2026-03-21 22:33:18] DONE: 16281 articles → 18134 stories (364 with 2+ articles) in 438m
[2026-03-21 22:33:18] Low confidence: 1319
[2026-03-21 22:33:18] Top 20 stories:
[2026-03-21 22:33:18]    783 | Разное: zhizn | 2024-04-08–2026-03-16
[2026-03-21 22:33:18]    454 | Разное: finansi | 2024-03-18–2026-03-17
[2026-03-21 22:33:18]    102 | Разное: nauka | 2024-04-16–2026-03-03
[2026-03-21 22:33:18]     22 | Разное: obshchestvo_sobitiya | 2024-04-21–2026-01-05
[2026-03-21 22:33:18]     16 | Подготовка к паводкам в Казахстане 2024 | 2024-03-28–2026-02-03
[2026-03-21 22:33:18]     12 | Ограничение движения на улице Левитана в Алматы | 2024-05-30–2025-10-15
[2026-03-21 22:33:18]      8 | Экстрадиция подозреваемого в мошенничестве из России | 2024-04-26–2026-01-05
[2026-03-21 22:33:18]      8 | Крушение самолета близ Актау: результаты расследования | 2024-12-25–2025-02-04
[2026-03-21 22:33:18]      7 | Разное: stil_zhizni | 2024-06-01–2026-03-11
[2026-03-21 22:33:18]      7 | Разное: gossektor | 2024-03-26–2026-02-13
[2026-03-21 22:33:18]      7 | Получение статуса кандаса более 11 тысяч казахами | 2024-07-22–2025-10-29
[2026-03-21 22:33:18]      6 | Изъятие крупной партии наркотиков в Астане | 2025-04-30–2026-01-16
[2026-03-21 22:33:18]      6 | Обработка 2,7 миллиона гектаров от саранчи в Казахстане | 2024-05-10–2025-08-01
[2026-03-21 22:33:18]      5 | Более 163 тысяч казахстанцев получили помощь в 2024 году | 2024-08-15–2026-03-12
[2026-03-21 22:33:18]      5 | Появление новой функции для групповых чатов в WhatsApp | 2024-05-12–2026-02-20
[2026-03-21 22:33:18]      5 | Разное: vnutrennyaya_politika | 2025-01-28–2025-11-25
[2026-03-21 22:33:18]      5 | Изъятие наркотиков в Казахстане с начала года | 2024-04-12–2025-09-05
[2026-03-21 22:33:18]      5 | Выбор Росатома подрядчиком для АЭС в Казахстане | 2024-07-16–2025-06-14
[2026-03-21 22:33:18]      5 | Получение статуса «кандаса» в Казахстане в 2023 году | 2024-06-24–2025-03-27
[2026-03-21 22:33:18]      4 | Подготовка к паводкам в Казахстане 2024 | 2025-03-15–2026-03-17
[2026-03-21 22:33:18] === EXTRACTION COMPLETE ===
